[2023-01-02 14:08:45] This is codeql database create --language=javascript --source-root ./js_content/2023-01-02/truspads-cake.com/ ./js_content/2023-01-02/truspads-cake.com/truspads-cake.com_javascript_database
[2023-01-02 14:08:45] Log file was started late.
[2023-01-02 14:08:45] [PROGRESS] database create> Initializing database at /home/bowen/phishing/test/js_content/2023-01-02/truspads-cake.com/truspads-cake.com_javascript_database.
[2023-01-02 14:08:46] Running plumbing command: codeql database init --language=javascript --source-root=/home/bowen/phishing/test/js_content/2023-01-02/truspads-cake.com --allow-missing-source-root=false --allow-already-existing -- /home/bowen/phishing/test/js_content/2023-01-02/truspads-cake.com/truspads-cake.com_javascript_database
[2023-01-02 14:08:46] Calling plumbing command: codeql resolve languages --format=json
[2023-01-02 14:08:46] [DETAILS] resolve languages> Scanning for [codeql-extractor.yml] from /home/bowen/codeql/.codeqlmanifest.json
[2023-01-02 14:08:46] [DETAILS] resolve languages> Parsing /home/bowen/codeql/ruby/codeql-extractor.yml.
[2023-01-02 14:08:46] [DETAILS] resolve languages> Parsing /home/bowen/codeql/javascript/codeql-extractor.yml.
[2023-01-02 14:08:46] [DETAILS] resolve languages> Parsing /home/bowen/codeql/go/codeql-extractor.yml.
[2023-01-02 14:08:46] [DETAILS] resolve languages> Parsing /home/bowen/codeql/xml/codeql-extractor.yml.
[2023-01-02 14:08:46] [DETAILS] resolve languages> Parsing /home/bowen/codeql/csharp/codeql-extractor.yml.
[2023-01-02 14:08:46] [DETAILS] resolve languages> Parsing /home/bowen/codeql/java/codeql-extractor.yml.
[2023-01-02 14:08:46] [DETAILS] resolve languages> Parsing /home/bowen/codeql/csv/codeql-extractor.yml.
[2023-01-02 14:08:46] [DETAILS] resolve languages> Parsing /home/bowen/codeql/properties/codeql-extractor.yml.
[2023-01-02 14:08:46] [DETAILS] resolve languages> Parsing /home/bowen/codeql/python/codeql-extractor.yml.
[2023-01-02 14:08:46] [DETAILS] resolve languages> Parsing /home/bowen/codeql/html/codeql-extractor.yml.
[2023-01-02 14:08:47] [DETAILS] resolve languages> Parsing /home/bowen/codeql/cpp/codeql-extractor.yml.
[2023-01-02 14:08:47] Plumbing command codeql resolve languages completed:
                      {
                        "extractors" : {
                          "ruby" : [
                            {
                              "extractor_root" : "/home/bowen/codeql/ruby"
                            }
                          ],
                          "javascript" : [
                            {
                              "extractor_root" : "/home/bowen/codeql/javascript",
                              "extractor_options" : { }
                            }
                          ],
                          "go" : [
                            {
                              "extractor_root" : "/home/bowen/codeql/go"
                            }
                          ],
                          "xml" : [
                            {
                              "extractor_root" : "/home/bowen/codeql/xml"
                            }
                          ],
                          "csharp" : [
                            {
                              "extractor_root" : "/home/bowen/codeql/csharp",
                              "extractor_options" : {
                                "trap" : {
                                  "title" : "Options pertaining to TRAP.",
                                  "description" : "Options pertaining to TRAP.",
                                  "type" : "object",
                                  "properties" : {
                                    "compression" : {
                                      "title" : "Controls compression for the TRAP files written by the extractor.",
                                      "description" : "This option is only intended for use in debugging the extractor. Accepted values are 'brotli' (the default, to write brotli-compressed TRAP), 'gzip', and 'none' (to write uncompressed TRAP).\n",
                                      "type" : "string",
                                      "pattern" : "^(none|gzip|brotli)$"
                                    }
                                  }
                                },
                                "buildless" : {
                                  "title" : "Whether to use buildless (standalone) extraction.",
                                  "description" : "A value indicating, which type of extraction the autobuilder should perform. If 'true', then the standalone extractor will be used, otherwise tracing extraction will be performed. The default is 'false'. Note that buildless extraction will generally yield less accurate analysis results, and should only be used in cases where it is not possible to build the code (for example if it uses inaccessible dependencies).\n",
                                  "type" : "string",
                                  "pattern" : "^(false|true)$"
                                },
                                "cil" : {
                                  "title" : "Whether to enable CIL extraction.",
                                  "description" : "A value indicating, whether CIL extraction should be enabled. The default is 'true'.\n",
                                  "type" : "string",
                                  "pattern" : "^(false|true)$"
                                }
                              }
                            }
                          ],
                          "java" : [
                            {
                              "extractor_root" : "/home/bowen/codeql/java",
                              "extractor_options" : {
                                "exclude" : {
                                  "title" : "A glob excluding files from analysis.",
                                  "description" : "A glob indicating what files to exclude from the analysis.\n",
                                  "type" : "string"
                                }
                              }
                            }
                          ],
                          "csv" : [
                            {
                              "extractor_root" : "/home/bowen/codeql/csv"
                            }
                          ],
                          "properties" : [
                            {
                              "extractor_root" : "/home/bowen/codeql/properties"
                            }
                          ],
                          "python" : [
                            {
                              "extractor_root" : "/home/bowen/codeql/python"
                            }
                          ],
                          "html" : [
                            {
                              "extractor_root" : "/home/bowen/codeql/html"
                            }
                          ],
                          "cpp" : [
                            {
                              "extractor_root" : "/home/bowen/codeql/cpp"
                            }
                          ]
                        }
                      }
[2023-01-02 14:08:47] [PROGRESS] database init> Calculating baseline information in /home/bowen/phishing/test/js_content/2023-01-02/truspads-cake.com
[2023-01-02 14:08:47] [PROGRESS] database init> Resolving extractor javascript.
[2023-01-02 14:08:47] [DETAILS] database init> Found candidate extractor root for javascript: /home/bowen/codeql/javascript.
[2023-01-02 14:08:47] [PROGRESS] database init> Successfully loaded extractor JavaScript (javascript) from /home/bowen/codeql/javascript.
[2023-01-02 14:08:47] [PROGRESS] database init> Created skeleton CodeQL database at /home/bowen/phishing/test/js_content/2023-01-02/truspads-cake.com/truspads-cake.com_javascript_database. This in-progress database is ready to be populated by an extractor.
[2023-01-02 14:08:47] Plumbing command codeql database init completed.
[2023-01-02 14:08:47] [PROGRESS] database create> Running build command: []
[2023-01-02 14:08:47] Running plumbing command: codeql database trace-command --working-dir=/home/bowen/phishing/test/js_content/2023-01-02/truspads-cake.com --index-traceless-dbs --no-db-cluster -- /home/bowen/phishing/test/js_content/2023-01-02/truspads-cake.com/truspads-cake.com_javascript_database
[2023-01-02 14:08:47] Using autobuild script /home/bowen/codeql/javascript/tools/autobuild.sh.
[2023-01-02 14:08:47] [PROGRESS] database trace-command> Running command in /home/bowen/phishing/test/js_content/2023-01-02/truspads-cake.com: [/home/bowen/codeql/javascript/tools/autobuild.sh]
[2023-01-02 14:08:48] [build-stdout] Single-threaded extraction.
[2023-01-02 14:08:48] [build-stdout] Extracting /home/bowen/phishing/test/js_content/2023-01-02/truspads-cake.com/truspads-cake.com.html
[2023-01-02 14:08:48] [build-stdout] Done extracting /home/bowen/phishing/test/js_content/2023-01-02/truspads-cake.com/truspads-cake.com.html (355 ms)
[2023-01-02 14:08:48] [build-stdout] Extracting /home/bowen/phishing/test/js_content/2023-01-02/truspads-cake.com/app.6e9add8c.js
[2023-01-02 14:08:50] [build-stdout] Done extracting /home/bowen/phishing/test/js_content/2023-01-02/truspads-cake.com/app.6e9add8c.js (1602 ms)
[2023-01-02 14:08:50] [build-stdout] Extracting /home/bowen/phishing/test/js_content/2023-01-02/truspads-cake.com/axios.min.js
[2023-01-02 14:08:51] [build-stdout] Done extracting /home/bowen/phishing/test/js_content/2023-01-02/truspads-cake.com/axios.min.js (1556 ms)
[2023-01-02 14:08:51] [build-stdout] Extracting /home/bowen/phishing/test/js_content/2023-01-02/truspads-cake.com/chunk-vendors.9a832070.js
[2023-01-02 14:08:54] [build-stdout] Done extracting /home/bowen/phishing/test/js_content/2023-01-02/truspads-cake.com/chunk-vendors.9a832070.js (2568 ms)
[2023-01-02 14:08:54] [build-stdout] Extracting /home/bowen/phishing/test/js_content/2023-01-02/truspads-cake.com/jquery-3.6.0.min.js
[2023-01-02 14:08:55] [build-stdout] Done extracting /home/bowen/phishing/test/js_content/2023-01-02/truspads-cake.com/jquery-3.6.0.min.js (1267 ms)
[2023-01-02 14:08:55] [build-stdout] Extracting /home/bowen/phishing/test/js_content/2023-01-02/truspads-cake.com/kaunta.js
[2023-01-02 14:08:55] [build-stdout] Done extracting /home/bowen/phishing/test/js_content/2023-01-02/truspads-cake.com/kaunta.js (65 ms)
[2023-01-02 14:08:55] [build-stdout] Extracting /home/bowen/phishing/test/js_content/2023-01-02/truspads-cake.com/moment.js
[2023-01-02 14:08:56] [build-stdout] Done extracting /home/bowen/phishing/test/js_content/2023-01-02/truspads-cake.com/moment.js (1389 ms)
[2023-01-02 14:08:56] [build-stdout] Extracting /home/bowen/phishing/test/js_content/2023-01-02/truspads-cake.com/rogu.js
[2023-01-02 14:09:35] [build-stdout] Done extracting /home/bowen/phishing/test/js_content/2023-01-02/truspads-cake.com/rogu.js (38237 ms)
[2023-01-02 14:09:35] [build-stdout] Extracting /home/bowen/phishing/test/js_content/2023-01-02/truspads-cake.com/vue.global.js
[2023-01-02 14:09:37] [build-stdout] Done extracting /home/bowen/phishing/test/js_content/2023-01-02/truspads-cake.com/vue.global.js (2677 ms)
[2023-01-02 14:09:37] [build-stderr] No externs trap cache found
[2023-01-02 14:09:37] [build-stdout] Extracting /home/bowen/codeql/javascript/tools/data/externs/web/w3c_webcrypto.js
[2023-01-02 14:09:37] [build-stdout] Done extracting /home/bowen/codeql/javascript/tools/data/externs/web/w3c_webcrypto.js (33 ms)
[2023-01-02 14:09:37] [build-stdout] Extracting /home/bowen/codeql/javascript/tools/data/externs/web/w3c_geolocation.js
[2023-01-02 14:09:37] [build-stdout] Done extracting /home/bowen/codeql/javascript/tools/data/externs/web/w3c_geolocation.js (27 ms)
[2023-01-02 14:09:37] [build-stdout] Extracting /home/bowen/codeql/javascript/tools/data/externs/web/flash.js
[2023-01-02 14:09:37] [build-stdout] Done extracting /home/bowen/codeql/javascript/tools/data/externs/web/flash.js (23 ms)
[2023-01-02 14:09:37] [build-stdout] Extracting /home/bowen/codeql/javascript/tools/data/externs/web/gecko_xml.js
[2023-01-02 14:09:37] [build-stdout] Done extracting /home/bowen/codeql/javascript/tools/data/externs/web/gecko_xml.js (3 ms)
[2023-01-02 14:09:37] [build-stdout] Extracting /home/bowen/codeql/javascript/tools/data/externs/web/ie_dom.js
[2023-01-02 14:09:37] [build-stdout] Done extracting /home/bowen/codeql/javascript/tools/data/externs/web/ie_dom.js (63 ms)
[2023-01-02 14:09:37] [build-stdout] Extracting /home/bowen/codeql/javascript/tools/data/externs/web/w3c_anim_timing.js
[2023-01-02 14:09:37] [build-stdout] Done extracting /home/bowen/codeql/javascript/tools/data/externs/web/w3c_anim_timing.js (11 ms)
[2023-01-02 14:09:37] [build-stdout] Extracting /home/bowen/codeql/javascript/tools/data/externs/web/w3c_screen_orientation.js
[2023-01-02 14:09:37] [build-stdout] Done extracting /home/bowen/codeql/javascript/tools/data/externs/web/w3c_screen_orientation.js (3 ms)
[2023-01-02 14:09:37] [build-stdout] Extracting /home/bowen/codeql/javascript/tools/data/externs/web/w3c_elementtraversal.js
[2023-01-02 14:09:37] [build-stdout] Done extracting /home/bowen/codeql/javascript/tools/data/externs/web/w3c_elementtraversal.js (3 ms)
[2023-01-02 14:09:37] [build-stdout] Extracting /home/bowen/codeql/javascript/tools/data/externs/web/intl.js
[2023-01-02 14:09:38] [build-stdout] Done extracting /home/bowen/codeql/javascript/tools/data/externs/web/intl.js (17 ms)
[2023-01-02 14:09:38] [build-stdout] Extracting /home/bowen/codeql/javascript/tools/data/externs/web/webkit_usercontent.js
[2023-01-02 14:09:38] [build-stdout] Done extracting /home/bowen/codeql/javascript/tools/data/externs/web/webkit_usercontent.js (3 ms)
[2023-01-02 14:09:38] [build-stdout] Extracting /home/bowen/codeql/javascript/tools/data/externs/web/w3c_indexeddb.js
[2023-01-02 14:09:38] [build-stdout] Done extracting /home/bowen/codeql/javascript/tools/data/externs/web/w3c_indexeddb.js (63 ms)
[2023-01-02 14:09:38] [build-stdout] Extracting /home/bowen/codeql/javascript/tools/data/externs/web/streamsapi.js
[2023-01-02 14:09:38] [build-stdout] Done extracting /home/bowen/codeql/javascript/tools/data/externs/web/streamsapi.js (30 ms)
[2023-01-02 14:09:38] [build-stdout] Extracting /home/bowen/codeql/javascript/tools/data/externs/web/w3c_dom2.js
[2023-01-02 14:09:38] [build-stdout] Done extracting /home/bowen/codeql/javascript/tools/data/externs/web/w3c_dom2.js (120 ms)
[2023-01-02 14:09:38] [build-stdout] Extracting /home/bowen/codeql/javascript/tools/data/externs/web/w3c_device_sensor_event.js
[2023-01-02 14:09:38] [build-stdout] Done extracting /home/bowen/codeql/javascript/tools/data/externs/web/w3c_device_sensor_event.js (5 ms)
[2023-01-02 14:09:38] [build-stdout] Extracting /home/bowen/codeql/javascript/tools/data/externs/web/w3c_midi.js
[2023-01-02 14:09:38] [build-stdout] Done extracting /home/bowen/codeql/javascript/tools/data/externs/web/w3c_midi.js (15 ms)
[2023-01-02 14:09:38] [build-stdout] Extracting /home/bowen/codeql/javascript/tools/data/externs/web/gecko_ext.js
[2023-01-02 14:09:38] [build-stdout] Done extracting /home/bowen/codeql/javascript/tools/data/externs/web/gecko_ext.js (1 ms)
[2023-01-02 14:09:38] [build-stdout] Extracting /home/bowen/codeql/javascript/tools/data/externs/web/gecko_css.js
[2023-01-02 14:09:38] [build-stdout] Done extracting /home/bowen/codeql/javascript/tools/data/externs/web/gecko_css.js (15 ms)
[2023-01-02 14:09:38] [build-stdout] Extracting /home/bowen/codeql/javascript/tools/data/externs/web/w3c_event.js
[2023-01-02 14:09:38] [build-stdout] Done extracting /home/bowen/codeql/javascript/tools/data/externs/web/w3c_event.js (47 ms)
[2023-01-02 14:09:38] [build-stdout] Extracting /home/bowen/codeql/javascript/tools/data/externs/web/w3c_dom3.js
[2023-01-02 14:09:38] [build-stdout] Done extracting /home/bowen/codeql/javascript/tools/data/externs/web/w3c_dom3.js (44 ms)
[2023-01-02 14:09:38] [build-stdout] Extracting /home/bowen/codeql/javascript/tools/data/externs/web/w3c_requestidlecallback.js
[2023-01-02 14:09:38] [build-stdout] Done extracting /home/bowen/codeql/javascript/tools/data/externs/web/w3c_requestidlecallback.js (3 ms)
[2023-01-02 14:09:38] [build-stdout] Extracting /home/bowen/codeql/javascript/tools/data/externs/web/w3c_navigation_timing.js
[2023-01-02 14:09:38] [build-stdout] Done extracting /home/bowen/codeql/javascript/tools/data/externs/web/w3c_navigation_timing.js (50 ms)
[2023-01-02 14:09:38] [build-stdout] Extracting /home/bowen/codeql/javascript/tools/data/externs/web/w3c_xml.js
[2023-01-02 14:09:38] [build-stdout] Done extracting /home/bowen/codeql/javascript/tools/data/externs/web/w3c_xml.js (23 ms)
[2023-01-02 14:09:38] [build-stdout] Extracting /home/bowen/codeql/javascript/tools/data/externs/web/w3c_css.js
[2023-01-02 14:09:38] [build-stdout] Done extracting /home/bowen/codeql/javascript/tools/data/externs/web/w3c_css.js (123 ms)
[2023-01-02 14:09:38] [build-stdout] Extracting /home/bowen/codeql/javascript/tools/data/externs/web/ie_event.js
[2023-01-02 14:09:38] [build-stdout] Done extracting /home/bowen/codeql/javascript/tools/data/externs/web/ie_event.js (22 ms)
[2023-01-02 14:09:38] [build-stdout] Extracting /home/bowen/codeql/javascript/tools/data/externs/web/w3c_range.js
[2023-01-02 14:09:38] [build-stdout] Done extracting /home/bowen/codeql/javascript/tools/data/externs/web/w3c_range.js (13 ms)
[2023-01-02 14:09:38] [build-stdout] Extracting /home/bowen/codeql/javascript/tools/data/externs/web/webstorage.js
[2023-01-02 14:09:38] [build-stdout] Done extracting /home/bowen/codeql/javascript/tools/data/externs/web/webstorage.js (13 ms)
[2023-01-02 14:09:38] [build-stdout] Extracting /home/bowen/codeql/javascript/tools/data/externs/web/fileapi.js
[2023-01-02 14:09:38] [build-stdout] Done extracting /home/bowen/codeql/javascript/tools/data/externs/web/fileapi.js (69 ms)
[2023-01-02 14:09:38] [build-stdout] Extracting /home/bowen/codeql/javascript/tools/data/externs/web/window.js
[2023-01-02 14:09:38] [build-stdout] Done extracting /home/bowen/codeql/javascript/tools/data/externs/web/window.js (8 ms)
[2023-01-02 14:09:38] [build-stdout] Extracting /home/bowen/codeql/javascript/tools/data/externs/web/webkit_dom.js
[2023-01-02 14:09:38] [build-stdout] Done extracting /home/bowen/codeql/javascript/tools/data/externs/web/webkit_dom.js (18 ms)
[2023-01-02 14:09:38] [build-stdout] Extracting /home/bowen/codeql/javascript/tools/data/externs/web/gecko_event.js
[2023-01-02 14:09:38] [build-stdout] Done extracting /home/bowen/codeql/javascript/tools/data/externs/web/gecko_event.js (7 ms)
[2023-01-02 14:09:38] [build-stdout] Extracting /home/bowen/codeql/javascript/tools/data/externs/web/webkit_css.js
[2023-01-02 14:09:38] [build-stdout] Done extracting /home/bowen/codeql/javascript/tools/data/externs/web/webkit_css.js (87 ms)
[2023-01-02 14:09:38] [build-stdout] Extracting /home/bowen/codeql/javascript/tools/data/externs/web/w3c_touch_event.js
[2023-01-02 14:09:38] [build-stdout] Done extracting /home/bowen/codeql/javascript/tools/data/externs/web/w3c_touch_event.js (13 ms)
[2023-01-02 14:09:38] [build-stdout] Extracting /home/bowen/codeql/javascript/tools/data/externs/web/w3c_css3d.js
[2023-01-02 14:09:38] [build-stdout] Done extracting /home/bowen/codeql/javascript/tools/data/externs/web/w3c_css3d.js (9 ms)
[2023-01-02 14:09:38] [build-stdout] Extracting /home/bowen/codeql/javascript/tools/data/externs/web/w3c_pointer_events.js
[2023-01-02 14:09:38] [build-stdout] Done extracting /home/bowen/codeql/javascript/tools/data/externs/web/w3c_pointer_events.js (7 ms)
[2023-01-02 14:09:38] [build-stdout] Extracting /home/bowen/codeql/javascript/tools/data/externs/web/w3c_selectors.js
[2023-01-02 14:09:38] [build-stdout] Done extracting /home/bowen/codeql/javascript/tools/data/externs/web/w3c_selectors.js (11 ms)
[2023-01-02 14:09:38] [build-stdout] Extracting /home/bowen/codeql/javascript/tools/data/externs/web/page_visibility.js
[2023-01-02 14:09:38] [build-stdout] Done extracting /home/bowen/codeql/javascript/tools/data/externs/web/page_visibility.js (2 ms)
[2023-01-02 14:09:38] [build-stdout] Extracting /home/bowen/codeql/javascript/tools/data/externs/web/iphone.js
[2023-01-02 14:09:38] [build-stdout] Done extracting /home/bowen/codeql/javascript/tools/data/externs/web/iphone.js (9 ms)
[2023-01-02 14:09:38] [build-stdout] Extracting /home/bowen/codeql/javascript/tools/data/externs/web/w3c_encoding.js
[2023-01-02 14:09:38] [build-stdout] Done extracting /home/bowen/codeql/javascript/tools/data/externs/web/w3c_encoding.js (4 ms)
[2023-01-02 14:09:38] [build-stdout] Extracting /home/bowen/codeql/javascript/tools/data/externs/web/webkit_event.js
[2023-01-02 14:09:38] [build-stdout] Done extracting /home/bowen/codeql/javascript/tools/data/externs/web/webkit_event.js (2 ms)
[2023-01-02 14:09:38] [build-stdout] Extracting /home/bowen/codeql/javascript/tools/data/externs/web/url.js
[2023-01-02 14:09:38] [build-stdout] Done extracting /home/bowen/codeql/javascript/tools/data/externs/web/url.js (8 ms)
[2023-01-02 14:09:38] [build-stdout] Extracting /home/bowen/codeql/javascript/tools/data/externs/web/gecko_dom.js
[2023-01-02 14:09:38] [build-stdout] Done extracting /home/bowen/codeql/javascript/tools/data/externs/web/gecko_dom.js (56 ms)
[2023-01-02 14:09:38] [build-stdout] Extracting /home/bowen/codeql/javascript/tools/data/externs/web/w3c_dom1.js
[2023-01-02 14:09:39] [build-stdout] Done extracting /home/bowen/codeql/javascript/tools/data/externs/web/w3c_dom1.js (60 ms)
[2023-01-02 14:09:39] [build-stdout] Extracting /home/bowen/codeql/javascript/tools/data/externs/web/w3c_serviceworker.js
[2023-01-02 14:09:39] [build-stdout] Done extracting /home/bowen/codeql/javascript/tools/data/externs/web/w3c_serviceworker.js (38 ms)
[2023-01-02 14:09:39] [build-stdout] Extracting /home/bowen/codeql/javascript/tools/data/externs/web/chrome.js
[2023-01-02 14:09:39] [build-stdout] Done extracting /home/bowen/codeql/javascript/tools/data/externs/web/chrome.js (34 ms)
[2023-01-02 14:09:39] [build-stdout] Extracting /home/bowen/codeql/javascript/tools/data/externs/web/ie_vml.js
[2023-01-02 14:09:39] [build-stdout] Done extracting /home/bowen/codeql/javascript/tools/data/externs/web/ie_vml.js (3 ms)
[2023-01-02 14:09:39] [build-stdout] Extracting /home/bowen/codeql/javascript/tools/data/externs/web/webgl.js
[2023-01-02 14:09:39] [build-stdout] Done extracting /home/bowen/codeql/javascript/tools/data/externs/web/webgl.js (185 ms)
[2023-01-02 14:09:39] [build-stdout] Extracting /home/bowen/codeql/javascript/tools/data/externs/web/w3c_gamepad.js
[2023-01-02 14:09:39] [build-stdout] Done extracting /home/bowen/codeql/javascript/tools/data/externs/web/w3c_gamepad.js (6 ms)
[2023-01-02 14:09:39] [build-stdout] Extracting /home/bowen/codeql/javascript/tools/data/externs/web/ie_css.js
[2023-01-02 14:09:39] [build-stdout] Done extracting /home/bowen/codeql/javascript/tools/data/externs/web/ie_css.js (15 ms)
[2023-01-02 14:09:39] [build-stdout] Extracting /home/bowen/codeql/javascript/tools/data/externs/web/mediasource.js
[2023-01-02 14:09:39] [build-stdout] Done extracting /home/bowen/codeql/javascript/tools/data/externs/web/mediasource.js (22 ms)
[2023-01-02 14:09:39] [build-stdout] Extracting /home/bowen/codeql/javascript/tools/data/externs/web/w3c_rtc.js
[2023-01-02 14:09:39] [build-stdout] Done extracting /home/bowen/codeql/javascript/tools/data/externs/web/w3c_rtc.js (158 ms)
[2023-01-02 14:09:39] [build-stdout] Extracting /home/bowen/codeql/javascript/tools/data/externs/web/html5.js
[2023-01-02 14:09:39] [build-stdout] Done extracting /home/bowen/codeql/javascript/tools/data/externs/web/html5.js (249 ms)
[2023-01-02 14:09:39] [build-stdout] Extracting /home/bowen/codeql/javascript/tools/data/externs/web/w3c_dom4.js
[2023-01-02 14:09:39] [build-stdout] Done extracting /home/bowen/codeql/javascript/tools/data/externs/web/w3c_dom4.js (2 ms)
[2023-01-02 14:09:39] [build-stdout] Extracting /home/bowen/codeql/javascript/tools/data/externs/web/w3c_event3.js
[2023-01-02 14:09:39] [build-stdout] Done extracting /home/bowen/codeql/javascript/tools/data/externs/web/w3c_event3.js (4 ms)
[2023-01-02 14:09:39] [build-stdout] Extracting /home/bowen/codeql/javascript/tools/data/externs/web/fetchapi.js
[2023-01-02 14:09:39] [build-stdout] Done extracting /home/bowen/codeql/javascript/tools/data/externs/web/fetchapi.js (75 ms)
[2023-01-02 14:09:39] [build-stdout] Extracting /home/bowen/codeql/javascript/tools/data/externs/web/whatwg_encoding.js
[2023-01-02 14:09:39] [build-stdout] Done extracting /home/bowen/codeql/javascript/tools/data/externs/web/whatwg_encoding.js (6 ms)
[2023-01-02 14:09:39] [build-stdout] Extracting /home/bowen/codeql/javascript/tools/data/externs/web/webkit_notifications.js
[2023-01-02 14:09:39] [build-stdout] Done extracting /home/bowen/codeql/javascript/tools/data/externs/web/webkit_notifications.js (11 ms)
[2023-01-02 14:09:39] [build-stdout] Extracting /home/bowen/codeql/javascript/tools/data/externs/web/w3c_batterystatus.js
[2023-01-02 14:09:39] [build-stdout] Done extracting /home/bowen/codeql/javascript/tools/data/externs/web/w3c_batterystatus.js (2 ms)
[2023-01-02 14:09:39] [build-stdout] Extracting /home/bowen/codeql/javascript/tools/data/externs/web/w3c_permissions.js
[2023-01-02 14:09:39] [build-stdout] Done extracting /home/bowen/codeql/javascript/tools/data/externs/web/w3c_permissions.js (3 ms)
[2023-01-02 14:09:39] [build-stdout] Extracting /home/bowen/codeql/javascript/tools/data/externs/vm/v8.js
[2023-01-02 14:09:39] [build-stdout] Done extracting /home/bowen/codeql/javascript/tools/data/externs/vm/v8.js (4 ms)
[2023-01-02 14:09:39] [build-stdout] Extracting /home/bowen/codeql/javascript/tools/data/externs/vm/spidermonkey.js
[2023-01-02 14:09:39] [build-stdout] Done extracting /home/bowen/codeql/javascript/tools/data/externs/vm/spidermonkey.js (1 ms)
[2023-01-02 14:09:39] [build-stdout] Extracting /home/bowen/codeql/javascript/tools/data/externs/vm/jsshell.js
[2023-01-02 14:09:39] [build-stdout] Done extracting /home/bowen/codeql/javascript/tools/data/externs/vm/jsshell.js (26 ms)
[2023-01-02 14:09:39] [build-stdout] Extracting /home/bowen/codeql/javascript/tools/data/externs/vm/rhino.js
[2023-01-02 14:09:39] [build-stdout] Done extracting /home/bowen/codeql/javascript/tools/data/externs/vm/rhino.js (3 ms)
[2023-01-02 14:09:39] [build-stdout] Extracting /home/bowen/codeql/javascript/tools/data/externs/nodejs/punycode.js
[2023-01-02 14:09:39] [build-stdout] Done extracting /home/bowen/codeql/javascript/tools/data/externs/nodejs/punycode.js (4 ms)
[2023-01-02 14:09:39] [build-stdout] Extracting /home/bowen/codeql/javascript/tools/data/externs/nodejs/fs.js
[2023-01-02 14:09:39] [build-stdout] Done extracting /home/bowen/codeql/javascript/tools/data/externs/nodejs/fs.js (91 ms)
[2023-01-02 14:09:39] [build-stdout] Extracting /home/bowen/codeql/javascript/tools/data/externs/nodejs/events.js
[2023-01-02 14:09:39] [build-stdout] Done extracting /home/bowen/codeql/javascript/tools/data/externs/nodejs/events.js (8 ms)
[2023-01-02 14:09:39] [build-stdout] Extracting /home/bowen/codeql/javascript/tools/data/externs/nodejs/v8.js
[2023-01-02 14:09:39] [build-stdout] Done extracting /home/bowen/codeql/javascript/tools/data/externs/nodejs/v8.js (4 ms)
[2023-01-02 14:09:39] [build-stdout] Extracting /home/bowen/codeql/javascript/tools/data/externs/nodejs/dns.js
[2023-01-02 14:09:40] [build-stdout] Done extracting /home/bowen/codeql/javascript/tools/data/externs/nodejs/dns.js (19 ms)
[2023-01-02 14:09:40] [build-stdout] Extracting /home/bowen/codeql/javascript/tools/data/externs/nodejs/tls.js
[2023-01-02 14:09:40] [build-stdout] Done extracting /home/bowen/codeql/javascript/tools/data/externs/nodejs/tls.js (34 ms)
[2023-01-02 14:09:40] [build-stdout] Extracting /home/bowen/codeql/javascript/tools/data/externs/nodejs/tty.js
[2023-01-02 14:09:40] [build-stdout] Done extracting /home/bowen/codeql/javascript/tools/data/externs/nodejs/tty.js (7 ms)
[2023-01-02 14:09:40] [build-stdout] Extracting /home/bowen/codeql/javascript/tools/data/externs/nodejs/process.js
[2023-01-02 14:09:40] [build-stdout] Done extracting /home/bowen/codeql/javascript/tools/data/externs/nodejs/process.js (1 ms)
[2023-01-02 14:09:40] [build-stdout] Extracting /home/bowen/codeql/javascript/tools/data/externs/nodejs/console.js
[2023-01-02 14:09:40] [build-stdout] Done extracting /home/bowen/codeql/javascript/tools/data/externs/nodejs/console.js (1 ms)
[2023-01-02 14:09:40] [build-stdout] Extracting /home/bowen/codeql/javascript/tools/data/externs/nodejs/stream.js
[2023-01-02 14:09:40] [build-stdout] Done extracting /home/bowen/codeql/javascript/tools/data/externs/nodejs/stream.js (58 ms)
[2023-01-02 14:09:40] [build-stdout] Extracting /home/bowen/codeql/javascript/tools/data/externs/nodejs/os.js
[2023-01-02 14:09:40] [build-stdout] Done extracting /home/bowen/codeql/javascript/tools/data/externs/nodejs/os.js (16 ms)
[2023-01-02 14:09:40] [build-stdout] Extracting /home/bowen/codeql/javascript/tools/data/externs/nodejs/dgram.js
[2023-01-02 14:09:40] [build-stdout] Done extracting /home/bowen/codeql/javascript/tools/data/externs/nodejs/dgram.js (13 ms)
[2023-01-02 14:09:40] [build-stdout] Extracting /home/bowen/codeql/javascript/tools/data/externs/nodejs/sys.js
[2023-01-02 14:09:40] [build-stdout] Done extracting /home/bowen/codeql/javascript/tools/data/externs/nodejs/sys.js (2 ms)
[2023-01-02 14:09:40] [build-stdout] Extracting /home/bowen/codeql/javascript/tools/data/externs/nodejs/zlib.js
[2023-01-02 14:09:40] [build-stdout] Done extracting /home/bowen/codeql/javascript/tools/data/externs/nodejs/zlib.js (33 ms)
[2023-01-02 14:09:40] [build-stdout] Extracting /home/bowen/codeql/javascript/tools/data/externs/nodejs/assert_legacy.js
[2023-01-02 14:09:40] [build-stdout] Done extracting /home/bowen/codeql/javascript/tools/data/externs/nodejs/assert_legacy.js (2 ms)
[2023-01-02 14:09:40] [build-stdout] Extracting /home/bowen/codeql/javascript/tools/data/externs/nodejs/querystring.js
[2023-01-02 14:09:40] [build-stdout] Done extracting /home/bowen/codeql/javascript/tools/data/externs/nodejs/querystring.js (7 ms)
[2023-01-02 14:09:40] [build-stdout] Extracting /home/bowen/codeql/javascript/tools/data/externs/nodejs/cluster.js
[2023-01-02 14:09:40] [build-stdout] Done extracting /home/bowen/codeql/javascript/tools/data/externs/nodejs/cluster.js (75 ms)
[2023-01-02 14:09:40] [build-stdout] Extracting /home/bowen/codeql/javascript/tools/data/externs/nodejs/path.js
[2023-01-02 14:09:40] [build-stdout] Done extracting /home/bowen/codeql/javascript/tools/data/externs/nodejs/path.js (30 ms)
[2023-01-02 14:09:40] [build-stdout] Extracting /home/bowen/codeql/javascript/tools/data/externs/nodejs/http.js
[2023-01-02 14:09:40] [build-stdout] Done extracting /home/bowen/codeql/javascript/tools/data/externs/nodejs/http.js (43 ms)
[2023-01-02 14:09:40] [build-stdout] Extracting /home/bowen/codeql/javascript/tools/data/externs/nodejs/buffer.js
[2023-01-02 14:09:40] [build-stdout] Done extracting /home/bowen/codeql/javascript/tools/data/externs/nodejs/buffer.js (9 ms)
[2023-01-02 14:09:40] [build-stdout] Extracting /home/bowen/codeql/javascript/tools/data/externs/nodejs/assert.js
[2023-01-02 14:09:40] [build-stdout] Done extracting /home/bowen/codeql/javascript/tools/data/externs/nodejs/assert.js (10 ms)
[2023-01-02 14:09:40] [build-stdout] Extracting /home/bowen/codeql/javascript/tools/data/externs/nodejs/module.js
[2023-01-02 14:09:40] [build-stdout] Done extracting /home/bowen/codeql/javascript/tools/data/externs/nodejs/module.js (5 ms)
[2023-01-02 14:09:40] [build-stdout] Extracting /home/bowen/codeql/javascript/tools/data/externs/nodejs/readline.js
[2023-01-02 14:09:40] [build-stdout] Done extracting /home/bowen/codeql/javascript/tools/data/externs/nodejs/readline.js (16 ms)
[2023-01-02 14:09:40] [build-stdout] Extracting /home/bowen/codeql/javascript/tools/data/externs/nodejs/repl.js
[2023-01-02 14:09:40] [build-stdout] Done extracting /home/bowen/codeql/javascript/tools/data/externs/nodejs/repl.js (8 ms)
[2023-01-02 14:09:40] [build-stdout] Extracting /home/bowen/codeql/javascript/tools/data/externs/nodejs/crypto.js
[2023-01-02 14:09:40] [build-stdout] Done extracting /home/bowen/codeql/javascript/tools/data/externs/nodejs/crypto.js (66 ms)
[2023-01-02 14:09:40] [build-stdout] Extracting /home/bowen/codeql/javascript/tools/data/externs/nodejs/https.js
[2023-01-02 14:09:40] [build-stdout] Done extracting /home/bowen/codeql/javascript/tools/data/externs/nodejs/https.js (13 ms)
[2023-01-02 14:09:40] [build-stdout] Extracting /home/bowen/codeql/javascript/tools/data/externs/nodejs/url.js
[2023-01-02 14:09:40] [build-stdout] Done extracting /home/bowen/codeql/javascript/tools/data/externs/nodejs/url.js (6 ms)
[2023-01-02 14:09:40] [build-stdout] Extracting /home/bowen/codeql/javascript/tools/data/externs/nodejs/globals.js
[2023-01-02 14:09:40] [build-stdout] Done extracting /home/bowen/codeql/javascript/tools/data/externs/nodejs/globals.js (129 ms)
[2023-01-02 14:09:40] [build-stdout] Extracting /home/bowen/codeql/javascript/tools/data/externs/nodejs/string_decoder.js
[2023-01-02 14:09:40] [build-stdout] Done extracting /home/bowen/codeql/javascript/tools/data/externs/nodejs/string_decoder.js (6 ms)
[2023-01-02 14:09:40] [build-stdout] Extracting /home/bowen/codeql/javascript/tools/data/externs/nodejs/util.js
[2023-01-02 14:09:40] [build-stdout] Done extracting /home/bowen/codeql/javascript/tools/data/externs/nodejs/util.js (21 ms)
[2023-01-02 14:09:40] [build-stdout] Extracting /home/bowen/codeql/javascript/tools/data/externs/nodejs/constants.js
[2023-01-02 14:09:40] [build-stdout] Done extracting /home/bowen/codeql/javascript/tools/data/externs/nodejs/constants.js (114 ms)
[2023-01-02 14:09:40] [build-stdout] Extracting /home/bowen/codeql/javascript/tools/data/externs/nodejs/child_process.js
[2023-01-02 14:09:40] [build-stdout] Done extracting /home/bowen/codeql/javascript/tools/data/externs/nodejs/child_process.js (56 ms)
[2023-01-02 14:09:40] [build-stdout] Extracting /home/bowen/codeql/javascript/tools/data/externs/nodejs/domain.js
[2023-01-02 14:09:40] [build-stdout] Done extracting /home/bowen/codeql/javascript/tools/data/externs/nodejs/domain.js (6 ms)
[2023-01-02 14:09:40] [build-stdout] Extracting /home/bowen/codeql/javascript/tools/data/externs/nodejs/net.js
[2023-01-02 14:09:40] [build-stdout] Done extracting /home/bowen/codeql/javascript/tools/data/externs/nodejs/net.js (31 ms)
[2023-01-02 14:09:40] [build-stdout] Extracting /home/bowen/codeql/javascript/tools/data/externs/nodejs/timers.js
[2023-01-02 14:09:40] [build-stdout] Done extracting /home/bowen/codeql/javascript/tools/data/externs/nodejs/timers.js (7 ms)
[2023-01-02 14:09:40] [build-stdout] Extracting /home/bowen/codeql/javascript/tools/data/externs/nodejs/vm.js
[2023-01-02 14:09:40] [build-stdout] Done extracting /home/bowen/codeql/javascript/tools/data/externs/nodejs/vm.js (13 ms)
[2023-01-02 14:09:40] [build-stdout] Extracting /home/bowen/codeql/javascript/tools/data/externs/es/es5.js
[2023-01-02 14:09:40] [build-stdout] Done extracting /home/bowen/codeql/javascript/tools/data/externs/es/es5.js (18 ms)
[2023-01-02 14:09:40] [build-stdout] Extracting /home/bowen/codeql/javascript/tools/data/externs/es/intl.js
[2023-01-02 14:09:40] [build-stdout] Done extracting /home/bowen/codeql/javascript/tools/data/externs/es/intl.js (14 ms)
[2023-01-02 14:09:40] [build-stdout] Extracting /home/bowen/codeql/javascript/tools/data/externs/es/es6_collections.js
[2023-01-02 14:09:40] [build-stdout] Done extracting /home/bowen/codeql/javascript/tools/data/externs/es/es6_collections.js (10 ms)
[2023-01-02 14:09:40] [build-stdout] Extracting /home/bowen/codeql/javascript/tools/data/externs/es/es3.js
[2023-01-02 14:09:41] [build-stdout] Done extracting /home/bowen/codeql/javascript/tools/data/externs/es/es3.js (136 ms)
[2023-01-02 14:09:41] [build-stdout] Extracting /home/bowen/codeql/javascript/tools/data/externs/es/es6.js
[2023-01-02 14:09:41] [build-stdout] Done extracting /home/bowen/codeql/javascript/tools/data/externs/es/es6.js (146 ms)
[2023-01-02 14:09:41] [build-stdout] Extracting /home/bowen/codeql/javascript/tools/data/externs/es/proxy.js
[2023-01-02 14:09:41] [build-stdout] Done extracting /home/bowen/codeql/javascript/tools/data/externs/es/proxy.js (1 ms)
[2023-01-02 14:09:41] [build-stdout] Extracting /home/bowen/codeql/javascript/tools/data/externs/es/es2017.js
[2023-01-02 14:09:41] [build-stdout] Done extracting /home/bowen/codeql/javascript/tools/data/externs/es/es2017.js (25 ms)
[2023-01-02 14:09:41] [build-stdout] Extracting /home/bowen/codeql/javascript/tools/data/externs/es/es2016.js
[2023-01-02 14:09:41] [build-stdout] Done extracting /home/bowen/codeql/javascript/tools/data/externs/es/es2016.js (1 ms)
[2023-01-02 14:09:41] [build-stdout] Extracting /home/bowen/codeql/javascript/tools/data/externs/lib/jquery-3.2.js
[2023-01-02 14:09:41] [build-stdout] Done extracting /home/bowen/codeql/javascript/tools/data/externs/lib/jquery-3.2.js (139 ms)
[2023-01-02 14:09:41] [build-stdout] Extracting /home/bowen/codeql/javascript/tools/data/externs/lib/bdd.js
[2023-01-02 14:09:41] [build-stdout] Done extracting /home/bowen/codeql/javascript/tools/data/externs/lib/bdd.js (5 ms)
[2023-01-02 14:09:41] [build-stdout] Extracting /home/bowen/codeql/javascript/tools/data/externs/lib/should.js
[2023-01-02 14:09:41] [build-stdout] Done extracting /home/bowen/codeql/javascript/tools/data/externs/lib/should.js (14 ms)
[2023-01-02 14:09:41] [build-stdout] Extracting /home/bowen/codeql/javascript/tools/data/externs/lib/vows.js
[2023-01-02 14:09:41] [build-stdout] Done extracting /home/bowen/codeql/javascript/tools/data/externs/lib/vows.js (18 ms)
[2023-01-02 14:09:41] Plumbing command codeql database trace-command completed.
[2023-01-02 14:09:41] [PROGRESS] database create> Finalizing database at /home/bowen/phishing/test/js_content/2023-01-02/truspads-cake.com/truspads-cake.com_javascript_database.
[2023-01-02 14:09:41] Running plumbing command: codeql database finalize --mode=normal --no-db-cluster -- /home/bowen/phishing/test/js_content/2023-01-02/truspads-cake.com/truspads-cake.com_javascript_database
[2023-01-02 14:09:41] [PROGRESS] database finalize> Running TRAP import for CodeQL database at /home/bowen/phishing/test/js_content/2023-01-02/truspads-cake.com/truspads-cake.com_javascript_database...
[2023-01-02 14:09:41] Running plumbing command: codeql dataset import --dbscheme=/home/bowen/codeql/javascript/semmlecode.javascript.dbscheme -- /home/bowen/phishing/test/js_content/2023-01-02/truspads-cake.com/truspads-cake.com_javascript_database/db-javascript /home/bowen/phishing/test/js_content/2023-01-02/truspads-cake.com/truspads-cake.com_javascript_database/trap/javascript
[2023-01-02 14:09:41] Clearing disk cache since the version file /home/bowen/phishing/test/js_content/2023-01-02/truspads-cake.com/truspads-cake.com_javascript_database/db-javascript/default/cache/version does not exist
[2023-01-02 14:09:41] Tuple pool not found. Clearing relations with cached strings
[2023-01-02 14:09:41] Trimming disk cache at /home/bowen/phishing/test/js_content/2023-01-02/truspads-cake.com/truspads-cake.com_javascript_database/db-javascript/default/cache in mode brutal.
[2023-01-02 14:09:41] Sequence stamp origin is -6369952832921964584
[2023-01-02 14:09:41] Pausing evaluation to hard-clear memory at sequence stamp o+0
[2023-01-02 14:09:41] Unpausing evaluation
[2023-01-02 14:09:41] Pausing evaluation to quickly trim disk at sequence stamp o+1
[2023-01-02 14:09:41] Unpausing evaluation
[2023-01-02 14:09:41] Pausing evaluation to zealously trim disk at sequence stamp o+2
[2023-01-02 14:09:41] Unpausing evaluation
[2023-01-02 14:09:41] Trimming completed (58ms): Purged everything.
[2023-01-02 14:09:42] Scanning for files in /home/bowen/phishing/test/js_content/2023-01-02/truspads-cake.com/truspads-cake.com_javascript_database/trap/javascript
[2023-01-02 14:09:42] Importing es2016.js.trap.gz (1 of 120)
[2023-01-02 14:09:42] Importing es2017.js.trap.gz (2 of 120)
[2023-01-02 14:09:42] Importing es3.js.trap.gz (3 of 120)
[2023-01-02 14:09:43] Importing es5.js.trap.gz (4 of 120)
[2023-01-02 14:09:43] Importing es6.js.trap.gz (5 of 120)
[2023-01-02 14:09:43] Importing es6_collections.js.trap.gz (6 of 120)
[2023-01-02 14:09:43] Importing intl.js.trap.gz (7 of 120)
[2023-01-02 14:09:43] Importing proxy.js.trap.gz (8 of 120)
[2023-01-02 14:09:43] Importing bdd.js.trap.gz (9 of 120)
[2023-01-02 14:09:43] Importing jquery-3.2.js.trap.gz (10 of 120)
[2023-01-02 14:09:43] Importing should.js.trap.gz (11 of 120)
[2023-01-02 14:09:43] Importing vows.js.trap.gz (12 of 120)
[2023-01-02 14:09:43] Importing assert.js.trap.gz (13 of 120)
[2023-01-02 14:09:43] Importing assert_legacy.js.trap.gz (14 of 120)
[2023-01-02 14:09:43] Importing buffer.js.trap.gz (15 of 120)
[2023-01-02 14:09:43] Importing child_process.js.trap.gz (16 of 120)
[2023-01-02 14:09:43] Importing cluster.js.trap.gz (17 of 120)
[2023-01-02 14:09:43] Importing console.js.trap.gz (18 of 120)
[2023-01-02 14:09:43] Importing constants.js.trap.gz (19 of 120)
[2023-01-02 14:09:43] Importing crypto.js.trap.gz (20 of 120)
[2023-01-02 14:09:43] Importing dgram.js.trap.gz (21 of 120)
[2023-01-02 14:09:43] Importing dns.js.trap.gz (22 of 120)
[2023-01-02 14:09:43] Importing domain.js.trap.gz (23 of 120)
[2023-01-02 14:09:43] Importing events.js.trap.gz (24 of 120)
[2023-01-02 14:09:43] Importing fs.js.trap.gz (25 of 120)
[2023-01-02 14:09:43] Importing globals.js.trap.gz (26 of 120)
[2023-01-02 14:09:43] Importing http.js.trap.gz (27 of 120)
[2023-01-02 14:09:43] Importing https.js.trap.gz (28 of 120)
[2023-01-02 14:09:43] Importing module.js.trap.gz (29 of 120)
[2023-01-02 14:09:43] Importing net.js.trap.gz (30 of 120)
[2023-01-02 14:09:43] Importing os.js.trap.gz (31 of 120)
[2023-01-02 14:09:43] Importing path.js.trap.gz (32 of 120)
[2023-01-02 14:09:43] Importing process.js.trap.gz (33 of 120)
[2023-01-02 14:09:43] Importing punycode.js.trap.gz (34 of 120)
[2023-01-02 14:09:43] Importing querystring.js.trap.gz (35 of 120)
[2023-01-02 14:09:43] Importing readline.js.trap.gz (36 of 120)
[2023-01-02 14:09:44] Importing repl.js.trap.gz (37 of 120)
[2023-01-02 14:09:44] Importing stream.js.trap.gz (38 of 120)
[2023-01-02 14:09:44] Importing string_decoder.js.trap.gz (39 of 120)
[2023-01-02 14:09:44] Importing sys.js.trap.gz (40 of 120)
[2023-01-02 14:09:44] Importing timers.js.trap.gz (41 of 120)
[2023-01-02 14:09:44] Importing tls.js.trap.gz (42 of 120)
[2023-01-02 14:09:44] Importing tty.js.trap.gz (43 of 120)
[2023-01-02 14:09:44] Importing url.js.trap.gz (44 of 120)
[2023-01-02 14:09:44] Importing util.js.trap.gz (45 of 120)
[2023-01-02 14:09:44] Importing v8.js.trap.gz (46 of 120)
[2023-01-02 14:09:44] Importing vm.js.trap.gz (47 of 120)
[2023-01-02 14:09:44] Importing zlib.js.trap.gz (48 of 120)
[2023-01-02 14:09:44] Importing jsshell.js.trap.gz (49 of 120)
[2023-01-02 14:09:44] Importing rhino.js.trap.gz (50 of 120)
[2023-01-02 14:09:44] Importing spidermonkey.js.trap.gz (51 of 120)
[2023-01-02 14:09:44] Importing v8.js.trap.gz (52 of 120)
[2023-01-02 14:09:44] Importing chrome.js.trap.gz (53 of 120)
[2023-01-02 14:09:44] Importing fetchapi.js.trap.gz (54 of 120)
[2023-01-02 14:09:44] Importing fileapi.js.trap.gz (55 of 120)
[2023-01-02 14:09:44] Importing flash.js.trap.gz (56 of 120)
[2023-01-02 14:09:44] Importing gecko_css.js.trap.gz (57 of 120)
[2023-01-02 14:09:44] Importing gecko_dom.js.trap.gz (58 of 120)
[2023-01-02 14:09:44] Importing gecko_event.js.trap.gz (59 of 120)
[2023-01-02 14:09:44] Importing gecko_ext.js.trap.gz (60 of 120)
[2023-01-02 14:09:44] Importing gecko_xml.js.trap.gz (61 of 120)
[2023-01-02 14:09:44] Importing html5.js.trap.gz (62 of 120)
[2023-01-02 14:09:44] Importing ie_css.js.trap.gz (63 of 120)
[2023-01-02 14:09:44] Importing ie_dom.js.trap.gz (64 of 120)
[2023-01-02 14:09:44] Importing ie_event.js.trap.gz (65 of 120)
[2023-01-02 14:09:44] Importing ie_vml.js.trap.gz (66 of 120)
[2023-01-02 14:09:44] Importing intl.js.trap.gz (67 of 120)
[2023-01-02 14:09:44] Importing iphone.js.trap.gz (68 of 120)
[2023-01-02 14:09:44] Importing mediasource.js.trap.gz (69 of 120)
[2023-01-02 14:09:44] Importing page_visibility.js.trap.gz (70 of 120)
[2023-01-02 14:09:44] Importing streamsapi.js.trap.gz (71 of 120)
[2023-01-02 14:09:44] Importing url.js.trap.gz (72 of 120)
[2023-01-02 14:09:44] Importing w3c_anim_timing.js.trap.gz (73 of 120)
[2023-01-02 14:09:44] Importing w3c_batterystatus.js.trap.gz (74 of 120)
[2023-01-02 14:09:44] Importing w3c_css.js.trap.gz (75 of 120)
[2023-01-02 14:09:44] Importing w3c_css3d.js.trap.gz (76 of 120)
[2023-01-02 14:09:44] Importing w3c_device_sensor_event.js.trap.gz (77 of 120)
[2023-01-02 14:09:44] Importing w3c_dom1.js.trap.gz (78 of 120)
[2023-01-02 14:09:44] Importing w3c_dom2.js.trap.gz (79 of 120)
[2023-01-02 14:09:44] Importing w3c_dom3.js.trap.gz (80 of 120)
[2023-01-02 14:09:44] Importing w3c_dom4.js.trap.gz (81 of 120)
[2023-01-02 14:09:44] Importing w3c_elementtraversal.js.trap.gz (82 of 120)
[2023-01-02 14:09:44] Importing w3c_encoding.js.trap.gz (83 of 120)
[2023-01-02 14:09:44] Importing w3c_event.js.trap.gz (84 of 120)
[2023-01-02 14:09:44] Importing w3c_event3.js.trap.gz (85 of 120)
[2023-01-02 14:09:44] Importing w3c_gamepad.js.trap.gz (86 of 120)
[2023-01-02 14:09:44] Importing w3c_geolocation.js.trap.gz (87 of 120)
[2023-01-02 14:09:44] Importing w3c_indexeddb.js.trap.gz (88 of 120)
[2023-01-02 14:09:44] Importing w3c_midi.js.trap.gz (89 of 120)
[2023-01-02 14:09:44] Importing w3c_navigation_timing.js.trap.gz (90 of 120)
[2023-01-02 14:09:44] Importing w3c_permissions.js.trap.gz (91 of 120)
[2023-01-02 14:09:44] Importing w3c_pointer_events.js.trap.gz (92 of 120)
[2023-01-02 14:09:44] Importing w3c_range.js.trap.gz (93 of 120)
[2023-01-02 14:09:44] Importing w3c_requestidlecallback.js.trap.gz (94 of 120)
[2023-01-02 14:09:44] Importing w3c_rtc.js.trap.gz (95 of 120)
[2023-01-02 14:09:44] Importing w3c_screen_orientation.js.trap.gz (96 of 120)
[2023-01-02 14:09:44] Importing w3c_selectors.js.trap.gz (97 of 120)
[2023-01-02 14:09:44] Importing w3c_serviceworker.js.trap.gz (98 of 120)
[2023-01-02 14:09:44] Importing w3c_touch_event.js.trap.gz (99 of 120)
[2023-01-02 14:09:44] Importing w3c_webcrypto.js.trap.gz (100 of 120)
[2023-01-02 14:09:44] Importing w3c_xml.js.trap.gz (101 of 120)
[2023-01-02 14:09:44] Importing webgl.js.trap.gz (102 of 120)
[2023-01-02 14:09:44] Importing webkit_css.js.trap.gz (103 of 120)
[2023-01-02 14:09:44] Importing webkit_dom.js.trap.gz (104 of 120)
[2023-01-02 14:09:44] Importing webkit_event.js.trap.gz (105 of 120)
[2023-01-02 14:09:44] Importing webkit_notifications.js.trap.gz (106 of 120)
[2023-01-02 14:09:45] Importing webkit_usercontent.js.trap.gz (107 of 120)
[2023-01-02 14:09:45] Importing webstorage.js.trap.gz (108 of 120)
[2023-01-02 14:09:45] Importing whatwg_encoding.js.trap.gz (109 of 120)
[2023-01-02 14:09:45] Importing window.js.trap.gz (110 of 120)
[2023-01-02 14:09:45] Importing app.6e9add8c.js.trap.gz (111 of 120)
[2023-01-02 14:09:45] Importing axios.min.js.trap.gz (112 of 120)
[2023-01-02 14:09:45] Importing chunk-vendors.9a832070.js.trap.gz (113 of 120)
[2023-01-02 14:09:45] Importing jquery-3.6.0.min.js.trap.gz (114 of 120)
[2023-01-02 14:09:46] Importing kaunta.js.trap.gz (115 of 120)
[2023-01-02 14:09:46] Importing moment.js.trap.gz (116 of 120)
[2023-01-02 14:09:47] Importing rogu.js.trap.gz (117 of 120)
[2023-01-02 14:10:13] Importing truspads-cake.com.html.trap.gz (118 of 120)
[2023-01-02 14:10:13] Importing vue.global.js.trap.gz (119 of 120)
[2023-01-02 14:10:14] Importing sourceLocationPrefix.trap.gz (120 of 120)
[2023-01-02 14:10:14] Merging 1 fragment for files.
[2023-01-02 14:10:14] Merging 1 fragment for folders.
[2023-01-02 14:10:14] Merging 1 fragment for containerparent.
[2023-01-02 14:10:14] Merging 38 fragments for locations_default.
[2023-01-02 14:10:16] Merging 39 fragments for hasLocation.
[2023-01-02 14:10:17] Merging 1 fragment for extraction_data.
[2023-01-02 14:10:17] Merging 1 fragment for scopes.
[2023-01-02 14:10:17] Merging 1 fragment for comments.
[2023-01-02 14:10:17] Merging 1 fragment for indentation.
[2023-01-02 14:10:17] Merging 1 fragment for numlines.
[2023-01-02 14:10:17] Merging 21 fragments for tokeninfo.
[2023-01-02 14:10:18] Merging 1 fragment for next_token.
[2023-01-02 14:10:18] Merging 1 fragment for jsdoc.
[2023-01-02 14:10:18] Merging 1 fragment for jsdoc_tags.
[2023-01-02 14:10:18] Merging 1 fragment for jsdoc_tag_descriptions.
[2023-01-02 14:10:18] Merging 1 fragment for jsdoc_tag_names.
[2023-01-02 14:10:18] Merging 1 fragment for jsdoc_type_exprs.
[2023-01-02 14:10:18] Merging 1 fragment for toplevels.
[2023-01-02 14:10:18] Merging 2 fragments for stmts.
[2023-01-02 14:10:18] Merging 2 fragments for stmt_containers.
[2023-01-02 14:10:18] Merging 14 fragments for exprs.
[2023-01-02 14:10:19] Merging 14 fragments for enclosing_stmt.
[2023-01-02 14:10:19] Merging 14 fragments for expr_containers.
[2023-01-02 14:10:20] Merging 8 fragments for literals.
[2023-01-02 14:10:20] Merging 2 fragments for variables.
[2023-01-02 14:10:20] Merging 4 fragments for bind.
[2023-01-02 14:10:20] Merging 1 fragment for scopenodes.
[2023-01-02 14:10:20] Merging 1 fragment for scopenesting.
[2023-01-02 14:10:20] Merging 1 fragment for decl.
[2023-01-02 14:10:20] Merging 1 fragment for is_arguments_object.
[2023-01-02 14:10:20] Merging 1 fragment for entry_cfg_node.
[2023-01-02 14:10:20] Merging 1 fragment for exit_cfg_node.
[2023-01-02 14:10:20] Merging 18 fragments for successor.
[2023-01-02 14:10:22] Merging 1 fragment for is_externs.
[2023-01-02 14:10:22] Merging 1 fragment for filetype.
[2023-01-02 14:10:22] Merging 1 fragment for extraction_time.
[2023-01-02 14:10:22] Merging 1 fragment for jsdoc_prefix_qualifier.
[2023-01-02 14:10:22] Merging 1 fragment for jsdoc_errors.
[2023-01-02 14:10:22] Merging 1 fragment for jsdoc_record_field_name.
[2023-01-02 14:10:22] Merging 1 fragment for jsdoc_has_new_parameter.
[2023-01-02 14:10:22] Merging 1 fragment for properties.
[2023-01-02 14:10:22] Merging 1 fragment for regexpterm.
[2023-01-02 14:10:22] Merging 1 fragment for regexp_const_value.
[2023-01-02 14:10:22] Merging 1 fragment for guard_node.
[2023-01-02 14:10:22] Merging 1 fragment for is_module.
[2023-01-02 14:10:22] Merging 1 fragment for is_nodejs.
[2023-01-02 14:10:22] Merging 1 fragment for array_size.
[2023-01-02 14:10:22] Merging 1 fragment for is_greedy.
[2023-01-02 14:10:22] Merging 1 fragment for is_capture.
[2023-01-02 14:10:22] Merging 1 fragment for has_rest_parameter.
[2023-01-02 14:10:22] Merging 1 fragment for range_quantifier_lower_bound.
[2023-01-02 14:10:22] Merging 1 fragment for range_quantifier_upper_bound.
[2023-01-02 14:10:22] Merging 1 fragment for char_class_escape.
[2023-01-02 14:10:22] Merging 1 fragment for is_method.
[2023-01-02 14:10:22] Merging 1 fragment for is_async.
[2023-01-02 14:10:22] Merging 1 fragment for regexp_parse_errors.
[2023-01-02 14:10:22] Merging 1 fragment for is_inverted.
[2023-01-02 14:10:22] Merging 1 fragment for jump_targets.
[2023-01-02 14:10:22] Merging 1 fragment for local_type_names.
[2023-01-02 14:10:22] Merging 1 fragment for typedecl.
[2023-01-02 14:10:22] Merging 1 fragment for is_computed.
[2023-01-02 14:10:22] Merging 1 fragment for backref.
[2023-01-02 14:10:22] Merging 1 fragment for is_static.
[2023-01-02 14:10:22] Merging 1 fragment for is_generator.
[2023-01-02 14:10:22] Merging 1 fragment for xmlElements.
[2023-01-02 14:10:22] Merging 1 fragment for xmllocations.
[2023-01-02 14:10:22] Merging 1 fragment for xmlAttrs.
[2023-01-02 14:10:22] Merging 1 fragment for xmlComments.
[2023-01-02 14:10:22] Merging 1 fragment for sourceLocationPrefix.
[2023-01-02 14:10:22] Saving string and id pools to disk.
[2023-01-02 14:10:22] Finished importing trap files.
[2023-01-02 14:10:22] Pausing evaluation to close the cache at sequence stamp o+3
[2023-01-02 14:10:22] The disk cache is freshly trimmed; leave it be.
[2023-01-02 14:10:22] Unpausing evaluation
[2023-01-02 14:10:22] Plumbing command codeql dataset import completed.
[2023-01-02 14:10:22] [PROGRESS] database finalize> TRAP import complete (40.8s).
[2023-01-02 14:10:22] Running plumbing command: codeql database cleanup --mode=normal -- /home/bowen/phishing/test/js_content/2023-01-02/truspads-cake.com/truspads-cake.com_javascript_database
[2023-01-02 14:10:22] [PROGRESS] database cleanup> Cleaning up existing TRAP files after import...
[2023-01-02 14:10:22] [PROGRESS] database cleanup> TRAP files cleaned up (33ms).
[2023-01-02 14:10:22] [PROGRESS] database cleanup> Cleaning up scratch directory...
[2023-01-02 14:10:22] [PROGRESS] database cleanup> Scratch directory cleaned up (0ms).
[2023-01-02 14:10:22] Running plumbing command: codeql dataset cleanup --mode=normal -- /home/bowen/phishing/test/js_content/2023-01-02/truspads-cake.com/truspads-cake.com_javascript_database/db-javascript
[2023-01-02 14:10:22] [PROGRESS] dataset cleanup> Cleaning up dataset in /home/bowen/phishing/test/js_content/2023-01-02/truspads-cake.com/truspads-cake.com_javascript_database/db-javascript.
[2023-01-02 14:10:22] Trimming disk cache at /home/bowen/phishing/test/js_content/2023-01-02/truspads-cake.com/truspads-cake.com_javascript_database/db-javascript/default/cache in mode normal.
[2023-01-02 14:10:22] Sequence stamp origin is -6369952656339177126
[2023-01-02 14:10:22] Pausing evaluation to zealously trim disk at sequence stamp o+0
[2023-01-02 14:10:22] Unpausing evaluation
[2023-01-02 14:10:22] Trimming completed (2ms): Trimmed disposable data from cache.
[2023-01-02 14:10:22] Pausing evaluation to close the cache at sequence stamp o+1
[2023-01-02 14:10:22] The disk cache is freshly trimmed; leave it be.
[2023-01-02 14:10:22] Unpausing evaluation
[2023-01-02 14:10:22] [PROGRESS] dataset cleanup> Trimmed disposable data from cache.
[2023-01-02 14:10:22] [PROGRESS] dataset cleanup> Finalizing dataset in /home/bowen/phishing/test/js_content/2023-01-02/truspads-cake.com/truspads-cake.com_javascript_database/db-javascript
[2023-01-02 14:10:23] [DETAILS] dataset cleanup> Finished deleting ID pool from /home/bowen/phishing/test/js_content/2023-01-02/truspads-cake.com/truspads-cake.com_javascript_database/db-javascript (154ms).
[2023-01-02 14:10:23] Plumbing command codeql dataset cleanup completed.
[2023-01-02 14:10:23] Plumbing command codeql database cleanup completed with status 0.
[2023-01-02 14:10:23] Plumbing command codeql database finalize completed.
[2023-01-02 14:10:23] [PROGRESS] database create> Successfully created database at /home/bowen/phishing/test/js_content/2023-01-02/truspads-cake.com/truspads-cake.com_javascript_database.
[2023-01-02 14:10:23] Terminating normally.
