[2023-01-02 14:11:02] This is codeql database analyze --rerun ./js_content/2023-01-02/truspads-cake.com/truspads-cake.com_javascript_database /home/bowen/exercise/codeql_exercise/vscode-codeql-starter/codeql-custom-queries-javascript/template4.ql --format=csv --output=./js_content/2023-01-02/truspads-cake.com/judge.csv
[2023-01-02 14:11:02] Log file was started late.
[2023-01-02 14:11:02] [PROGRESS] database analyze> Running queries.
[2023-01-02 14:11:02] Running plumbing command: codeql database run-queries --evaluator-log-level=5 --insecurely-execute-ml-model-checksums= --warnings=show --qlconfig-file=/home/bowen/phishing/test/qlconfig.yml --rerun -- /home/bowen/phishing/test/js_content/2023-01-02/truspads-cake.com/truspads-cake.com_javascript_database /home/bowen/exercise/codeql_exercise/vscode-codeql-starter/codeql-custom-queries-javascript/template4.ql
[2023-01-02 14:11:02] Calling plumbing command: codeql resolve ram --format=json
[2023-01-02 14:11:02] Plumbing command codeql resolve ram completed:
                      [
                        "-J-Xmx3978M",
                        "--off-heap-ram=3978"
                      ]
[2023-01-02 14:11:02] Spawning plumbing command: execute queries -J-Xmx3978M --off-heap-ram=3978 --verbosity=progress --logdir=/home/bowen/phishing/test/js_content/2023-01-02/truspads-cake.com/truspads-cake.com_javascript_database/log --evaluator-log-level=5 --insecurely-execute-ml-model-checksums= --warnings=show --qlconfig-file=/home/bowen/phishing/test/qlconfig.yml --rerun --output=/home/bowen/phishing/test/js_content/2023-01-02/truspads-cake.com/truspads-cake.com_javascript_database/results -- /home/bowen/phishing/test/js_content/2023-01-02/truspads-cake.com/truspads-cake.com_javascript_database/db-javascript /home/bowen/exercise/codeql_exercise/vscode-codeql-starter/codeql-custom-queries-javascript/template4.ql
[2023-01-02 14:11:08] Plumbing command codeql execute queries terminated with status 0.
[2023-01-02 14:11:08] Plumbing command codeql database run-queries completed with status 0.
[2023-01-02 14:11:08] [PROGRESS] database analyze> Interpreting results.
[2023-01-02 14:11:08] Running plumbing command: codeql database interpret-results --format=csv -o=/home/bowen/phishing/test/js_content/2023-01-02/truspads-cake.com/judge.csv --max-paths=4 --csv-location-format=line-column --print-diagnostics-summary --print-metrics-summary --qlconfig-file=/home/bowen/phishing/test/qlconfig.yml -- /home/bowen/phishing/test/js_content/2023-01-02/truspads-cake.com/truspads-cake.com_javascript_database /home/bowen/exercise/codeql_exercise/vscode-codeql-starter/codeql-custom-queries-javascript/template4.ql
[2023-01-02 14:11:08] Calling plumbing command: codeql resolve queries --qlconfig-file=/home/bowen/phishing/test/qlconfig.yml --format=json -- /home/bowen/exercise/codeql_exercise/vscode-codeql-starter/codeql-custom-queries-javascript/template4.ql
[2023-01-02 14:11:08] [PROGRESS] resolve queries> Recording pack reference getting-started/codeql-extra-queries-javascript at /home/bowen/exercise/codeql_exercise/vscode-codeql-starter/codeql-custom-queries-javascript.
[2023-01-02 14:11:08] Plumbing command codeql resolve queries completed:
                      [
                        "/home/bowen/exercise/codeql_exercise/vscode-codeql-starter/codeql-custom-queries-javascript/template4.ql"
                      ]
[2023-01-02 14:11:08] [DETAILS] database interpret-results> Scanning for [codeql-pack.yml, qlpack.yml] from /home/bowen/codeql/.codeqlmanifest.json
[2023-01-02 14:11:08] [DETAILS] database interpret-results> Scanning for [codeql-pack.yml, qlpack.yml] from /home/bowen/
[2023-01-02 14:11:09] [DETAILS] database interpret-results> Not scanning from /home/bowen/codeql which is already done.
[2023-01-02 14:11:09] [PROGRESS] database interpret-results> Interpreting /home/bowen/exercise/codeql_exercise/vscode-codeql-starter/codeql-custom-queries-javascript/template4.ql...
[2023-01-02 14:11:09] Calling plumbing command: codeql resolve library-path --query=/home/bowen/exercise/codeql_exercise/vscode-codeql-starter/codeql-custom-queries-javascript/template4.ql --full-library-path=none --dbscheme=none --format=json
[2023-01-02 14:11:09] [DETAILS] resolve library-path> Resolving query at normalized path /home/bowen/exercise/codeql_exercise/vscode-codeql-starter/codeql-custom-queries-javascript/template4.ql.
[2023-01-02 14:11:09] [DETAILS] resolve library-path> Found enclosing pack 'getting-started/codeql-extra-queries-javascript' at /home/bowen/exercise/codeql_exercise/vscode-codeql-starter/codeql-custom-queries-javascript.
[2023-01-02 14:11:09] [DETAILS] resolve library-path> Adding compilation cache at /home/bowen/exercise/codeql_exercise/vscode-codeql-starter/codeql-custom-queries-javascript/.cache.
[2023-01-02 14:11:09] [DETAILS] resolve library-path> Dbscheme was explicitly overridden as /home/bowen/phishing/test/none
[2023-01-02 14:11:09] [DETAILS] resolve library-path> Library path was overridden on command line.
[2023-01-02 14:11:09] Plumbing command codeql resolve library-path completed:
                      {
                        "libraryPath" : [
                          "/home/bowen/phishing/test/none"
                        ],
                        "dbscheme" : "/home/bowen/phishing/test/none",
                        "compilationCache" : [
                          "/home/bowen/exercise/codeql_exercise/vscode-codeql-starter/codeql-custom-queries-javascript/.cache"
                        ],
                        "relativeName" : "getting-started/codeql-extra-queries-javascript/template4.ql",
                        "qlPackName" : "getting-started/codeql-extra-queries-javascript"
                      }
[2023-01-02 14:11:09] [DETAILS] database interpret-results>  ... found results file at /home/bowen/phishing/test/js_content/2023-01-02/truspads-cake.com/truspads-cake.com_javascript_database/results/getting-started/codeql-extra-queries-javascript/template4.bqrs.
[2023-01-02 14:11:09] [DETAILS] database interpret-results> Interpreted problem query "Empty block" (javascript/example/empty-block) at path /home/bowen/exercise/codeql_exercise/vscode-codeql-starter/codeql-custom-queries-javascript/template4.ql.
[2023-01-02 14:11:09] Plumbing command codeql database interpret-results completed.
[2023-01-02 14:11:09] Terminating normally.
