[2023-01-02 14:10:55] This is codeql execute queries -J-Xmx3978M --off-heap-ram=3978 --verbosity=progress --logdir=/home/bowen/phishing/test/js_content/2023-01-02/truspads-cake.com/truspads-cake.com_javascript_database/log --evaluator-log-level=5 --insecurely-execute-ml-model-checksums= --warnings=show --qlconfig-file=/home/bowen/phishing/test/qlconfig.yml --rerun --output=/home/bowen/phishing/test/js_content/2023-01-02/truspads-cake.com/truspads-cake.com_javascript_database/results -- /home/bowen/phishing/test/js_content/2023-01-02/truspads-cake.com/truspads-cake.com_javascript_database/db-javascript /home/bowen/exercise/codeql_exercise/vscode-codeql-starter/codeql-custom-queries-javascript/template3.ql
[2023-01-02 14:10:55] Calling plumbing command: codeql resolve queries --qlconfig-file=/home/bowen/phishing/test/qlconfig.yml --format=json -- /home/bowen/exercise/codeql_exercise/vscode-codeql-starter/codeql-custom-queries-javascript/template3.ql
[2023-01-02 14:10:55] [PROGRESS] resolve queries> Recording pack reference getting-started/codeql-extra-queries-javascript at /home/bowen/exercise/codeql_exercise/vscode-codeql-starter/codeql-custom-queries-javascript.
[2023-01-02 14:10:55] Plumbing command codeql resolve queries completed:
                      [
                        "/home/bowen/exercise/codeql_exercise/vscode-codeql-starter/codeql-custom-queries-javascript/template3.ql"
                      ]
[2023-01-02 14:10:55] Refusing fancy output: $CODEQL_ISATTY terminal indication is missing
[2023-01-02 14:10:55] Creating executor with 1 threads.
[2023-01-02 14:10:56] Calling plumbing command: codeql resolve extensions --qlconfig-file=/home/bowen/phishing/test/qlconfig.yml --insecurely-execute-ml-model-checksums= /home/bowen/exercise/codeql_exercise/vscode-codeql-starter/codeql-custom-queries-javascript/template3.ql
[2023-01-02 14:10:56] Calling plumbing command: codeql resolve queries --qlconfig-file=/home/bowen/phishing/test/qlconfig.yml --format startingpacks -- /home/bowen/exercise/codeql_exercise/vscode-codeql-starter/codeql-custom-queries-javascript/template3.ql
[2023-01-02 14:10:56] [PROGRESS] resolve queries> Recording pack reference getting-started/codeql-extra-queries-javascript at /home/bowen/exercise/codeql_exercise/vscode-codeql-starter/codeql-custom-queries-javascript.
[2023-01-02 14:10:56] Plumbing command codeql resolve queries completed:
                      [
                        "/home/bowen/exercise/codeql_exercise/vscode-codeql-starter/codeql-custom-queries-javascript"
                      ]
[2023-01-02 14:10:56] Plumbing command codeql resolve extensions completed:
                      {
                        "models" : [ ],
                        "data" : { }
                      }
[2023-01-02 14:10:56] [DETAILS] execute queries> Did not find any ML models.
[2023-01-02 14:10:56] [SPAMMIER] execute queries> Data extensions for query 'template3.ql' in 'getting-started/codeql-extra-queries-javascript':
                      {}
[2023-01-02 14:10:56] Calling plumbing command: codeql resolve library-path --qlconfig-file=/home/bowen/phishing/test/qlconfig.yml --query=/home/bowen/exercise/codeql_exercise/vscode-codeql-starter/codeql-custom-queries-javascript/template3.ql --format=json
[2023-01-02 14:10:56] [DETAILS] resolve library-path> Resolving query at normalized path /home/bowen/exercise/codeql_exercise/vscode-codeql-starter/codeql-custom-queries-javascript/template3.ql.
[2023-01-02 14:10:56] [DETAILS] resolve library-path> Found enclosing pack 'getting-started/codeql-extra-queries-javascript' at /home/bowen/exercise/codeql_exercise/vscode-codeql-starter/codeql-custom-queries-javascript.
[2023-01-02 14:10:56] [DETAILS] resolve library-path> Adding compilation cache at /home/bowen/exercise/codeql_exercise/vscode-codeql-starter/codeql-custom-queries-javascript/.cache.
[2023-01-02 14:10:56] [DETAILS] resolve library-path> Resolving library dependencies from /home/bowen/exercise/codeql_exercise/vscode-codeql-starter/codeql-custom-queries-javascript/qlpack.yml.
[2023-01-02 14:10:56] [DETAILS] resolve library-path> QL pack dependencies for /home/bowen/exercise/codeql_exercise/vscode-codeql-starter/codeql-custom-queries-javascript resolved OK.
[2023-01-02 14:10:56] [DETAILS] resolve library-path> Found dbscheme through QL packs: /home/bowen/exercise/codeql_exercise/vscode-codeql-starter/ql/javascript/ql/lib/semmlecode.javascript.dbscheme.
[2023-01-02 14:10:56] Plumbing command codeql resolve library-path completed:
                      {
                        "libraryPath" : [
                          "/home/bowen/exercise/codeql_exercise/vscode-codeql-starter/codeql-custom-queries-javascript",
                          "/home/bowen/exercise/codeql_exercise/vscode-codeql-starter/ql/javascript/ql/lib"
                        ],
                        "dbscheme" : "/home/bowen/exercise/codeql_exercise/vscode-codeql-starter/ql/javascript/ql/lib/semmlecode.javascript.dbscheme",
                        "compilationCache" : [
                          "/home/bowen/exercise/codeql_exercise/vscode-codeql-starter/codeql-custom-queries-javascript/.cache"
                        ],
                        "relativeName" : "getting-started/codeql-extra-queries-javascript/template3.ql",
                        "qlPackName" : "getting-started/codeql-extra-queries-javascript"
                      }
[2023-01-02 14:10:56] [PROGRESS] execute queries> Compiling query plan for /home/bowen/exercise/codeql_exercise/vscode-codeql-starter/codeql-custom-queries-javascript/template3.ql.
[2023-01-02 14:10:56] [DETAILS] execute queries> Resolving imports for /home/bowen/exercise/codeql_exercise/vscode-codeql-starter/codeql-custom-queries-javascript/template3.ql.
[2023-01-02 14:10:57] Resolved file set for /home/bowen/exercise/codeql_exercise/vscode-codeql-starter/codeql-custom-queries-javascript/template3.ql hashes to 2665558e56642f89437ea2116695cafacadd1ba9.
[2023-01-02 14:10:57] [DETAILS] execute queries> Compilation cache hit for /home/bowen/exercise/codeql_exercise/vscode-codeql-starter/codeql-custom-queries-javascript/template3.ql.
[2023-01-02 14:10:57] [WARN] execute queries> WARNING: Unused predicate get_global_function_container (/home/bowen/exercise/codeql_exercise/vscode-codeql-starter/codeql-custom-queries-javascript/template3.ql:9,15-44)
[2023-01-02 14:10:57] [WARN] execute queries> WARNING: Unused predicate get_global_variable_access_container (/home/bowen/exercise/codeql_exercise/vscode-codeql-starter/codeql-custom-queries-javascript/template3.ql:13,15-51)
[2023-01-02 14:10:57] [WARN] execute queries> WARNING: Unused predicate get_global_variable_declare_container (/home/bowen/exercise/codeql_exercise/vscode-codeql-starter/codeql-custom-queries-javascript/template3.ql:18,15-52)
[2023-01-02 14:10:57] [SPAMMY] execute queries> No database upgrade/downgrade needed for /home/bowen/exercise/codeql_exercise/vscode-codeql-starter/codeql-custom-queries-javascript/template3.ql
[2023-01-02 14:10:58] [PROGRESS] execute queries> [1/1] Found in cache: /home/bowen/exercise/codeql_exercise/vscode-codeql-starter/codeql-custom-queries-javascript/template3.ql.
[2023-01-02 14:10:58] [PROGRESS] execute queries> Starting evaluation of getting-started/codeql-extra-queries-javascript/template3.ql.
[2023-01-02 14:10:58] Starting evaluation of /home/bowen/exercise/codeql_exercise/vscode-codeql-starter/codeql-custom-queries-javascript/template3.ql
[2023-01-02 14:10:58] (0s) Start query execution
[2023-01-02 14:10:58] (0s) Beginning execution of template3.ql
[2023-01-02 14:10:58] (0s) Starting to evaluate predicate m#Expr#92cb915f::ObjectExpr::getProperty#1#dispred#fbf/1@64f0515g
[2023-01-02 14:10:58] (0s)  >>> Created relation m#Expr#92cb915f::ObjectExpr::getProperty#1#dispred#fbf/1@64f0515g with 20 rows.
[2023-01-02 14:10:58] (0s)  >>> Created relation exprs/5@9d9c36qo with 1384699 rows.
[2023-01-02 14:10:58] (0s) Starting to evaluate predicate exprs_10#join_rhs/2@bfc31eag
[2023-01-02 14:10:59] (1s)  >>> Created relation exprs_10#join_rhs/2@bfc31eag with 1384699 rows.
[2023-01-02 14:10:59] (1s)  >>> Created relation properties/5@f7365fva with 24366 rows.
[2023-01-02 14:10:59] (1s) Starting to evaluate predicate properties_10#join_rhs/2@8c5e3153
[2023-01-02 14:10:59] (1s)  >>> Created relation properties_10#join_rhs/2@8c5e3153 with 24366 rows.
[2023-01-02 14:10:59] (1s) Starting to evaluate predicate Expr#92cb915f::Property#f/1@f8f2b4id
[2023-01-02 14:10:59] (1s)  >>> Created relation Expr#92cb915f::Property#f/1@f8f2b4id with 23145 rows.
[2023-01-02 14:10:59] (1s) Starting to evaluate predicate Expr#92cb915f::ObjectExpr::getProperty#1#dispred#fbf/3@d9b8f1l9
[2023-01-02 14:10:59] (1s)  >>> Created relation Expr#92cb915f::ObjectExpr::getProperty#1#dispred#fbf/3@d9b8f1l9 with 14113 rows.
[2023-01-02 14:10:59] (1s) Starting to evaluate predicate Expr#92cb915f::ObjectExpr::getProperty#1#dispred#fbf_102#join_rhs/3@7474a6p6
[2023-01-02 14:10:59] (1s)  >>> Created relation Expr#92cb915f::ObjectExpr::getProperty#1#dispred#fbf_102#join_rhs/3@7474a6p6 with 14113 rows.
[2023-01-02 14:10:59] (1s) Starting to evaluate predicate Expr#92cb915f::ObjectExpr::getProperty#1#dispred#fbf_12#join_rhs/2@ea63cf8r
[2023-01-02 14:10:59] (1s)  >>> Created relation Expr#92cb915f::ObjectExpr::getProperty#1#dispred#fbf_12#join_rhs/2@ea63cf8r with 14113 rows.
[2023-01-02 14:10:59] (1s) Starting to evaluate predicate m#Expr#92cb915f::Property::getName#0#dispred#bb#mcpe_this/1@40baba8t
[2023-01-02 14:10:59] (1s)  >>> Created relation m#Expr#92cb915f::Property::getName#0#dispred#bb#mcpe_this/1@40baba8t with 14113 rows.
[2023-01-02 14:10:59] (1s) Starting to evaluate predicate exprs_230#join_rhs/3@e7f558k1
[2023-01-02 14:10:59] (1s)  >>> Created relation exprs_230#join_rhs/3@e7f558k1 with 1384699 rows.
[2023-01-02 14:10:59] (1s) Starting to evaluate predicate Expr#92cb915f::Property::getNameExpr#0#dispred#bf/2@a205f0pt
[2023-01-02 14:10:59] (1s)  >>> Created relation Expr#92cb915f::Property::getNameExpr#0#dispred#bf/2@a205f0pt with 14111 rows.
[2023-01-02 14:10:59] (1s) Starting to evaluate predicate m#Expr#92cb915f::Property::getName#0#dispred#bb#mcpe_result/1@1f23f9fa
[2023-01-02 14:10:59] (1s)  >>> Created relation m#Expr#92cb915f::Property::getName#0#dispred#bb#mcpe_result/1@1f23f9fa with 42 rows.
[2023-01-02 14:10:59] (1s)  >>> Created relation is_computed/1@ce6bd8je with 181 rows.
[2023-01-02 14:10:59] (1s)  >>> Created relation literals/3@40f5a52j with 766487 rows.
[2023-01-02 14:10:59] (1s) Starting to evaluate predicate literals_20#join_rhs/2@7fc91843
[2023-01-02 14:11:00] (1s)  >>> Created relation literals_20#join_rhs/2@7fc91843 with 766487 rows.
[2023-01-02 14:11:00] (1s) Starting to evaluate predicate @literal#b/1@dc74d8i3
[2023-01-02 14:11:00] (2s)  >>> Created relation @literal#b/1@dc74d8i3 with 1237 rows.
[2023-01-02 14:11:00] (2s) Starting to evaluate predicate Expr#92cb915f::Property::getName#0#dispred#bb/2@ce221d5h
[2023-01-02 14:11:00] (2s)  >>> Created relation Expr#92cb915f::Property::getName#0#dispred#bb/2@ce221d5h with 19 rows.
[2023-01-02 14:11:00] (2s) Starting to evaluate predicate template3#c66e182b::judge_global_variable2#1#f/1@90d421uk
[2023-01-02 14:11:00] (2s)  >>> Created relation template3#c66e182b::judge_global_variable2#1#f/1@90d421uk with 0 rows.
[2023-01-02 14:11:00] (2s) Inferred that template3#c66e182b::judge_global_variable2#1#f#nonempty/0@d5bc4522 is empty, due to template3#c66e182b::judge_global_variable2#1#f/1@90d421uk.
[2023-01-02 14:11:00] (2s) Inferred that _template3#c66e182b::judge_global_variable1#1#f#nonempty_template3#c66e182b::judge_global_variable2#__#shared/1@bdf887nj is empty, due to template3#c66e182b::judge_global_variable2#1#f#nonempty/0@d5bc4522.
[2023-01-02 14:11:00] (2s) Inferred that __template3#c66e182b::judge_global_variable1#1#f#nonempty_template3#c66e182b::judge_global_variable2__#shared/2@851753fn is empty, due to _template3#c66e182b::judge_global_variable1#1#f#nonempty_template3#c66e182b::judge_global_variable2#__#shared/1@bdf887nj.
[2023-01-02 14:11:00] (2s) Inferred that __template3#c66e182b::judge_global_variable1#1#f#nonempty_template3#c66e182b::judge_global_variable2__#shared#1/2@55a41at5 is empty, due to _template3#c66e182b::judge_global_variable1#1#f#nonempty_template3#c66e182b::judge_global_variable2#__#shared/1@bdf887nj.
[2023-01-02 14:11:00] (2s) Inferred that _AST#4fc16b88::AstNode::getLocation#0#dispred#bf___template3#c66e182b::judge_global_variable1#1#f#no__#shared/4@1234431k is empty, due to _template3#c66e182b::judge_global_variable1#1#f#nonempty_template3#c66e182b::judge_global_variable2#__#shared/1@bdf887nj.
[2023-01-02 14:11:00] (2s) Inferred that #select#query#ffffffff/8@1273d8fm is empty, due to _template3#c66e182b::judge_global_variable1#1#f#nonempty_template3#c66e182b::judge_global_variable2#__#shared/1@bdf887nj.
[2023-01-02 14:11:00] (2s) Inferred that _Locations#c853d51f::Location::hasLocationInfo#5#dispred#bfffff__AST#4fc16b88::AstNode::getLocation#__#antijoin_rhs/3@a1946eej is empty, due to _AST#4fc16b88::AstNode::getLocation#0#dispred#bf___template3#c66e182b::judge_global_variable1#1#f#no__#shared/4@1234431k.
[2023-01-02 14:11:00] (2s)  >>> Created relation template3#c66e182b::judge_global_variable2#1#f#nonempty/0@d5bc4522 with 0 rows.
[2023-01-02 14:11:00] (2s)  >>> Created relation _template3#c66e182b::judge_global_variable1#1#f#nonempty_template3#c66e182b::judge_global_variable2#__#shared/1@bdf887nj with 0 rows.
[2023-01-02 14:11:00] (2s)  >>> Created relation _Locations#c853d51f::Location::hasLocationInfo#5#dispred#bfffff__AST#4fc16b88::AstNode::getLocation#__#antijoin_rhs/3@a1946eej with 0 rows.
[2023-01-02 14:11:00] (2s)  >>> Created relation #select#query#ffffffff/8@1273d8fm with 0 rows.
[2023-01-02 14:11:00] (2s)  >>> Created relation _AST#4fc16b88::AstNode::getLocation#0#dispred#bf___template3#c66e182b::judge_global_variable1#1#f#no__#shared/4@1234431k with 0 rows.
[2023-01-02 14:11:00] (2s)  >>> Created relation __template3#c66e182b::judge_global_variable1#1#f#nonempty_template3#c66e182b::judge_global_variable2__#shared#1/2@55a41at5 with 0 rows.
[2023-01-02 14:11:00] (2s)  >>> Created relation __template3#c66e182b::judge_global_variable1#1#f#nonempty_template3#c66e182b::judge_global_variable2__#shared/2@851753fn with 0 rows.
[2023-01-02 14:11:00] (2s) Query done
[2023-01-02 14:11:00] (2s) Sequence stamp origin is -6369952513807450939
[2023-01-02 14:11:00] (2s) Pausing evaluation to sync to disk at sequence stamp o+0
[2023-01-02 14:11:00] (2s) Unpausing evaluation
[2023-01-02 14:11:00] Evaluation of /home/bowen/exercise/codeql_exercise/vscode-codeql-starter/codeql-custom-queries-javascript/template3.ql produced BQRS results.
[2023-01-02 14:11:00] [PROGRESS] execute queries> [1/1 eval 2.2s] Evaluation done; writing results to getting-started/codeql-extra-queries-javascript/template3.bqrs.
[2023-01-02 14:11:00] [PROGRESS] execute queries> Shutting down query evaluator.
[2023-01-02 14:11:00] Pausing evaluation to close the cache at sequence stamp o+1
[2023-01-02 14:11:00] The disk cache is freshly trimmed; leave it be.
[2023-01-02 14:11:00] Unpausing evaluation
[2023-01-02 14:11:00] Terminating normally.
