[2023-01-02 14:11:12] This is codeql execute queries -J-Xmx3978M --off-heap-ram=3978 --verbosity=progress --logdir=/home/bowen/phishing/test/js_content/2023-01-02/truspads-cake.com/truspads-cake.com_javascript_database/log --evaluator-log-level=5 --insecurely-execute-ml-model-checksums= --warnings=show --qlconfig-file=/home/bowen/phishing/test/qlconfig.yml --rerun --output=/home/bowen/phishing/test/js_content/2023-01-02/truspads-cake.com/truspads-cake.com_javascript_database/results -- /home/bowen/phishing/test/js_content/2023-01-02/truspads-cake.com/truspads-cake.com_javascript_database/db-javascript /home/bowen/exercise/codeql_exercise/vscode-codeql-starter/codeql-custom-queries-javascript/template5.ql
[2023-01-02 14:11:12] Calling plumbing command: codeql resolve queries --qlconfig-file=/home/bowen/phishing/test/qlconfig.yml --format=json -- /home/bowen/exercise/codeql_exercise/vscode-codeql-starter/codeql-custom-queries-javascript/template5.ql
[2023-01-02 14:11:12] [PROGRESS] resolve queries> Recording pack reference getting-started/codeql-extra-queries-javascript at /home/bowen/exercise/codeql_exercise/vscode-codeql-starter/codeql-custom-queries-javascript.
[2023-01-02 14:11:12] Plumbing command codeql resolve queries completed:
                      [
                        "/home/bowen/exercise/codeql_exercise/vscode-codeql-starter/codeql-custom-queries-javascript/template5.ql"
                      ]
[2023-01-02 14:11:12] Refusing fancy output: $CODEQL_ISATTY terminal indication is missing
[2023-01-02 14:11:12] Creating executor with 1 threads.
[2023-01-02 14:11:13] Calling plumbing command: codeql resolve extensions --qlconfig-file=/home/bowen/phishing/test/qlconfig.yml --insecurely-execute-ml-model-checksums= /home/bowen/exercise/codeql_exercise/vscode-codeql-starter/codeql-custom-queries-javascript/template5.ql
[2023-01-02 14:11:13] Calling plumbing command: codeql resolve queries --qlconfig-file=/home/bowen/phishing/test/qlconfig.yml --format startingpacks -- /home/bowen/exercise/codeql_exercise/vscode-codeql-starter/codeql-custom-queries-javascript/template5.ql
[2023-01-02 14:11:13] [PROGRESS] resolve queries> Recording pack reference getting-started/codeql-extra-queries-javascript at /home/bowen/exercise/codeql_exercise/vscode-codeql-starter/codeql-custom-queries-javascript.
[2023-01-02 14:11:13] Plumbing command codeql resolve queries completed:
                      [
                        "/home/bowen/exercise/codeql_exercise/vscode-codeql-starter/codeql-custom-queries-javascript"
                      ]
[2023-01-02 14:11:13] Plumbing command codeql resolve extensions completed:
                      {
                        "models" : [ ],
                        "data" : { }
                      }
[2023-01-02 14:11:13] [DETAILS] execute queries> Did not find any ML models.
[2023-01-02 14:11:13] [SPAMMIER] execute queries> Data extensions for query 'template5.ql' in 'getting-started/codeql-extra-queries-javascript':
                      {}
[2023-01-02 14:11:13] Calling plumbing command: codeql resolve library-path --qlconfig-file=/home/bowen/phishing/test/qlconfig.yml --query=/home/bowen/exercise/codeql_exercise/vscode-codeql-starter/codeql-custom-queries-javascript/template5.ql --format=json
[2023-01-02 14:11:13] [DETAILS] resolve library-path> Resolving query at normalized path /home/bowen/exercise/codeql_exercise/vscode-codeql-starter/codeql-custom-queries-javascript/template5.ql.
[2023-01-02 14:11:13] [DETAILS] resolve library-path> Found enclosing pack 'getting-started/codeql-extra-queries-javascript' at /home/bowen/exercise/codeql_exercise/vscode-codeql-starter/codeql-custom-queries-javascript.
[2023-01-02 14:11:13] [DETAILS] resolve library-path> Adding compilation cache at /home/bowen/exercise/codeql_exercise/vscode-codeql-starter/codeql-custom-queries-javascript/.cache.
[2023-01-02 14:11:13] [DETAILS] resolve library-path> Resolving library dependencies from /home/bowen/exercise/codeql_exercise/vscode-codeql-starter/codeql-custom-queries-javascript/qlpack.yml.
[2023-01-02 14:11:13] [DETAILS] resolve library-path> QL pack dependencies for /home/bowen/exercise/codeql_exercise/vscode-codeql-starter/codeql-custom-queries-javascript resolved OK.
[2023-01-02 14:11:13] [DETAILS] resolve library-path> Found dbscheme through QL packs: /home/bowen/exercise/codeql_exercise/vscode-codeql-starter/ql/javascript/ql/lib/semmlecode.javascript.dbscheme.
[2023-01-02 14:11:13] Plumbing command codeql resolve library-path completed:
                      {
                        "libraryPath" : [
                          "/home/bowen/exercise/codeql_exercise/vscode-codeql-starter/codeql-custom-queries-javascript",
                          "/home/bowen/exercise/codeql_exercise/vscode-codeql-starter/ql/javascript/ql/lib"
                        ],
                        "dbscheme" : "/home/bowen/exercise/codeql_exercise/vscode-codeql-starter/ql/javascript/ql/lib/semmlecode.javascript.dbscheme",
                        "compilationCache" : [
                          "/home/bowen/exercise/codeql_exercise/vscode-codeql-starter/codeql-custom-queries-javascript/.cache"
                        ],
                        "relativeName" : "getting-started/codeql-extra-queries-javascript/template5.ql",
                        "qlPackName" : "getting-started/codeql-extra-queries-javascript"
                      }
[2023-01-02 14:11:13] [PROGRESS] execute queries> Compiling query plan for /home/bowen/exercise/codeql_exercise/vscode-codeql-starter/codeql-custom-queries-javascript/template5.ql.
[2023-01-02 14:11:13] [DETAILS] execute queries> Resolving imports for /home/bowen/exercise/codeql_exercise/vscode-codeql-starter/codeql-custom-queries-javascript/template5.ql.
[2023-01-02 14:11:14] Resolved file set for /home/bowen/exercise/codeql_exercise/vscode-codeql-starter/codeql-custom-queries-javascript/template5.ql hashes to e6a1abb68e82f721de4ec28440879fd01640d365.
[2023-01-02 14:11:14] [DETAILS] execute queries> Compilation cache hit for /home/bowen/exercise/codeql_exercise/vscode-codeql-starter/codeql-custom-queries-javascript/template5.ql.
[2023-01-02 14:11:14] [WARN] execute queries> WARNING: Unused variable fds2 (/home/bowen/exercise/codeql_exercise/vscode-codeql-starter/codeql-custom-queries-javascript/template5.ql:57,46-50)
[2023-01-02 14:11:14] [WARN] execute queries> WARNING: Unused variable fds3 (/home/bowen/exercise/codeql_exercise/vscode-codeql-starter/codeql-custom-queries-javascript/template5.ql:57,69-73)
[2023-01-02 14:11:14] [WARN] execute queries> WARNING: Unused variable fds4 (/home/bowen/exercise/codeql_exercise/vscode-codeql-starter/codeql-custom-queries-javascript/template5.ql:57,92-96)
[2023-01-02 14:11:14] [SPAMMY] execute queries> No database upgrade/downgrade needed for /home/bowen/exercise/codeql_exercise/vscode-codeql-starter/codeql-custom-queries-javascript/template5.ql
[2023-01-02 14:11:14] [PROGRESS] execute queries> [1/1] Found in cache: /home/bowen/exercise/codeql_exercise/vscode-codeql-starter/codeql-custom-queries-javascript/template5.ql.
[2023-01-02 14:11:14] [PROGRESS] execute queries> Starting evaluation of getting-started/codeql-extra-queries-javascript/template5.ql.
[2023-01-02 14:11:14] Starting evaluation of /home/bowen/exercise/codeql_exercise/vscode-codeql-starter/codeql-custom-queries-javascript/template5.ql
[2023-01-02 14:11:14] (0s) Start query execution
[2023-01-02 14:11:14] (0s) Beginning execution of template5.ql
[2023-01-02 14:11:14] (0s) Starting to evaluate predicate CachedStages#4ddba366::Stages::Ast::backref#0#/0@659172n3
[2023-01-02 14:11:14] (0s)  >>> Created relation CachedStages#4ddba366::Stages::Ast::backref#0#/0@659172n3 with 1 rows.
[2023-01-02 14:11:15] (0s)  >>> Created relation stmts/5@1ea999sl with 129478 rows.
[2023-01-02 14:11:15] (0s) Starting to evaluate predicate stmts_10#join_rhs/2@642b5cn4
[2023-01-02 14:11:15] (0s)  >>> Created relation stmts_10#join_rhs/2@642b5cn4 with 129478 rows.
[2023-01-02 14:11:15] (0s) Starting to evaluate predicate Stmt#8986e1c9::DeclStmt#f/1@6b6aaep5
[2023-01-02 14:11:15] (0s)  >>> Created relation Stmt#8986e1c9::DeclStmt#f/1@6b6aaep5 with 17733 rows.
[2023-01-02 14:11:15] (0s)  >>> Created relation exprs/5@9d9c36qo with 1384699 rows.
[2023-01-02 14:11:15] (0s) Starting to evaluate predicate exprs_12034#join_rhs/5@72390atm
[2023-01-02 14:11:16] (1s)  >>> Created relation exprs_12034#join_rhs/5@72390atm with 1384699 rows.
[2023-01-02 14:11:16] (1s) Starting to evaluate predicate Stmt#8986e1c9::DeclStmt::getDecl#1#dispred#fff/3@a26dd6q3
[2023-01-02 14:11:16] (1s)  >>> Created relation Stmt#8986e1c9::DeclStmt::getDecl#1#dispred#fff/3@a26dd6q3 with 36547 rows.
[2023-01-02 14:11:16] (1s) Starting to evaluate predicate Stmt#8986e1c9::DeclStmt::getDecl#1#dispred#fff_102#join_rhs/3@ff73125g
[2023-01-02 14:11:16] (1s)  >>> Created relation Stmt#8986e1c9::DeclStmt::getDecl#1#dispred#fff_102#join_rhs/3@ff73125g with 36547 rows.
[2023-01-02 14:11:16] (1s) Starting to evaluate predicate exprs_20#count_range/2@946d83si
[2023-01-02 14:11:16] (1s)  >>> Created relation exprs_20#count_range/2@946d83si with 1384699 rows.
[2023-01-02 14:11:16] (1s) Starting to evaluate predicate stmts_20#join_rhs/2@fb954def
[2023-01-02 14:11:16] (1s)  >>> Created relation stmts_20#join_rhs/2@fb954def with 129478 rows.
[2023-01-02 14:11:16] (1s) Starting to evaluate predicate exprs_10#join_rhs/2@bfc31eag
[2023-01-02 14:11:17] (2s)  >>> Created relation exprs_10#join_rhs/2@bfc31eag with 1384699 rows.
[2023-01-02 14:11:17] (2s) Starting to evaluate predicate exprs_230#join_rhs/3@e7f558k1
[2023-01-02 14:11:17] (2s)  >>> Created relation exprs_230#join_rhs/3@e7f558k1 with 1384699 rows.
[2023-01-02 14:11:17] (2s) Starting to evaluate predicate m#Variables#51c25ee5::BindingPattern#b/1@00b80do5
[2023-01-02 14:11:17] (2s)  >>> Created relation m#Variables#51c25ee5::BindingPattern#b/1@00b80do5 with 36547 rows.
[2023-01-02 14:11:17] (2s) Starting to evaluate predicate _exprs_10#join_rhs#join_rhs/1@3ee2b75u
[2023-01-02 14:11:17] (2s)  >>> Created relation _exprs_10#join_rhs#join_rhs/1@3ee2b75u with 329 rows.
[2023-01-02 14:11:17] (2s)  >>> Created relation properties/5@f7365fva with 24366 rows.
[2023-01-02 14:11:17] (2s) Starting to evaluate predicate properties_10#join_rhs/2@8c5e3153
[2023-01-02 14:11:17] (2s)  >>> Created relation properties_10#join_rhs/2@8c5e3153 with 24366 rows.
[2023-01-02 14:11:17] (2s) Starting to evaluate predicate Variables#51c25ee5::PropertyPattern#f/1@d3627frd
[2023-01-02 14:11:17] (2s)  >>> Created relation Variables#51c25ee5::PropertyPattern#f/1@d3627frd with 942 rows.
[2023-01-02 14:11:17] (2s) Starting to evaluate predicate exprs_20134#join_rhs/5@e67822h7
[2023-01-02 14:11:17] (2s)  >>> Created relation exprs_20134#join_rhs/5@e67822h7 with 1384699 rows.
[2023-01-02 14:11:17] (2s) Starting to evaluate predicate Variables#51c25ee5::ArrayPattern::getAnElement#0#dispred#bf/2@b3e17f9v
[2023-01-02 14:11:17] (2s)  >>> Created relation Variables#51c25ee5::ArrayPattern::getAnElement#0#dispred#bf/2@b3e17f9v with 89 rows.
[2023-01-02 14:11:17] (2s) Starting to evaluate predicate m#Variables#51c25ee5::BindingPattern::getABindingVarRef#0#dispred#bf/1@i1#622396bh (iteration 1)
[2023-01-02 14:11:17] (2s) 			 - m#Variables#51c25ee5::BindingPattern::getABindingVarRef#0#dispred#bf_delta has 1031 rows (order for disjuncts: delta=<standard>).
[2023-01-02 14:11:17] (2s) Starting to evaluate predicate m#Variables#51c25ee5::BindingPattern::getABindingVarRef#0#dispred#bf/1@i2#622396bh (iteration 2)
[2023-01-02 14:11:17] (2s) Empty delta for m#Variables#51c25ee5::BindingPattern::getABindingVarRef#0#dispred#bf_delta (order for disjuncts: delta=500000).
[2023-01-02 14:11:17] (2s) Accumulating deltas
[2023-01-02 14:11:17] (2s)  >>> Created relation m#Variables#51c25ee5::BindingPattern::getABindingVarRef#0#dispred#bf/1@622396bh with 1031 rows.
[2023-01-02 14:11:17] (2s) Starting to evaluate predicate m#@varref#b/1@fa0278ql
[2023-01-02 14:11:17] (2s)  >>> Created relation m#@varref#b/1@fa0278ql with 37578 rows.
[2023-01-02 14:11:17] (2s) Starting to evaluate predicate @varaccess#f/1@093799dt
[2023-01-02 14:11:17] (2s)  >>> Created relation @varaccess#f/1@093799dt with 311275 rows.
[2023-01-02 14:11:17] (2s) Starting to evaluate predicate @varref#b/1@a82b9a3g
[2023-01-02 14:11:17] (2s)  >>> Created relation @varref#b/1@a82b9a3g with 37298 rows.
[2023-01-02 14:11:17] (2s) Starting to evaluate predicate Variables#51c25ee5::BindingPattern#b/1@e598401t
[2023-01-02 14:11:17] (2s)  >>> Created relation Variables#51c25ee5::BindingPattern#b/1@e598401t with 36547 rows.
[2023-01-02 14:11:17] (2s)  >>> Created relation bind/2@dfd8701j with 311275 rows.
[2023-01-02 14:11:17] (2s) Starting to evaluate predicate Variables#51c25ee5::VarAccess::getVariable#0#dispred#ff/2@79195b0k
[2023-01-02 14:11:17] (2s)  >>> Created relation Variables#51c25ee5::VarAccess::getVariable#0#dispred#ff/2@79195b0k with 311275 rows.
[2023-01-02 14:11:17] (2s) Starting to evaluate predicate exprs_032#join_rhs/3@f25a8cl2
[2023-01-02 14:11:17] (2s)  >>> Created relation exprs_032#join_rhs/3@f25a8cl2 with 1384699 rows.
[2023-01-02 14:11:17] (2s) Starting to evaluate predicate _Variables#51c25ee5::PropertyPattern#f__exprs_10#join_rhs#join_rhs_exprs_230#join_rhs_m#Variables#51__#join_rhs/2@eb9822dd
[2023-01-02 14:11:17] (2s)  >>> Created relation _Variables#51c25ee5::PropertyPattern#f__exprs_10#join_rhs#join_rhs_exprs_230#join_rhs_m#Variables#51__#join_rhs/2@eb9822dd with 48 rows.
[2023-01-02 14:11:17] (2s) Starting to evaluate predicate _Variables#51c25ee5::ArrayPattern::getAnElement#0#dispred#bf_m#Variables#51c25ee5::BindingPattern::g__#join_rhs/2@e2a9a91i
[2023-01-02 14:11:17] (2s)  >>> Created relation _Variables#51c25ee5::ArrayPattern::getAnElement#0#dispred#bf_m#Variables#51c25ee5::BindingPattern::g__#join_rhs/2@e2a9a91i with 4 rows.
[2023-01-02 14:11:17] (2s) Starting to evaluate predicate __exprs_10#join_rhs#join_rhs_exprs_230#join_rhs_m#Variables#51c25ee5::BindingPattern::getABindingVar__#join_rhs/2@48c1acle
[2023-01-02 14:11:17] (2s)  >>> Created relation __exprs_10#join_rhs#join_rhs_exprs_230#join_rhs_m#Variables#51c25ee5::BindingPattern::getABindingVar__#join_rhs/2@48c1acle with 0 rows.
[2023-01-02 14:11:17] (2s) Starting to evaluate predicate Variables#51c25ee5::ArrayPattern::getAnElement#0#dispred#bf_10#join_rhs/2@3209b0de
[2023-01-02 14:11:17] (2s)  >>> Created relation Variables#51c25ee5::ArrayPattern::getAnElement#0#dispred#bf_10#join_rhs/2@3209b0de with 89 rows.
[2023-01-02 14:11:17] (2s) Starting to evaluate predicate Variables#51c25ee5::BindingPattern::getABindingVarRef#0#dispred#bf/2@i1#825a03hm (iteration 1)
[2023-01-02 14:11:17] (2s) 			 - Variables#51c25ee5::BindingPattern::getABindingVarRef#0#dispred#bf_delta has 1002 rows (order for disjuncts: delta=<standard>).
[2023-01-02 14:11:17] (2s) Starting to evaluate predicate Variables#51c25ee5::BindingPattern::getABindingVarRef#0#dispred#bf/2@i2#825a03hm (iteration 2)
[2023-01-02 14:11:17] (2s) 			 - Variables#51c25ee5::BindingPattern::getABindingVarRef#0#dispred#bf_delta has 51 rows (order for disjuncts: delta=500000).
[2023-01-02 14:11:17] (2s) Starting to evaluate predicate Variables#51c25ee5::BindingPattern::getABindingVarRef#0#dispred#bf/2@i3#825a03hm (iteration 3)
[2023-01-02 14:11:17] (2s) 			 - Variables#51c25ee5::BindingPattern::getABindingVarRef#0#dispred#bf_delta has 1 rows (order for disjuncts: delta=317).
[2023-01-02 14:11:17] (2s) Starting to evaluate predicate Variables#51c25ee5::BindingPattern::getABindingVarRef#0#dispred#bf/2@i4#825a03hm (iteration 4)
[2023-01-02 14:11:17] (2s) Empty delta for Variables#51c25ee5::BindingPattern::getABindingVarRef#0#dispred#bf_delta (order for disjuncts: delta=317).
[2023-01-02 14:11:17] (2s) Accumulating deltas
[2023-01-02 14:11:17] (2s)  >>> Created relation Variables#51c25ee5::BindingPattern::getABindingVarRef#0#dispred#bf/2@825a03hm with 1054 rows.
[2023-01-02 14:11:17] (2s) Starting to evaluate predicate Variables#51c25ee5::BindingPattern::getABindingVarRef#0#dispred#ff/2@ef36be2e
[2023-01-02 14:11:17] (3s)  >>> Created relation Variables#51c25ee5::BindingPattern::getABindingVarRef#0#dispred#ff/2@ef36be2e with 82116 rows.
[2023-01-02 14:11:17] (3s)  >>> Created relation decl/2@46baddj0 with 81062 rows.
[2023-01-02 14:11:17] (3s) Starting to evaluate predicate Variables#51c25ee5::VarRef::getVariable#0#dispred#bf/2@db7a2271
[2023-01-02 14:11:17] (3s)  >>> Created relation Variables#51c25ee5::VarRef::getVariable#0#dispred#bf/2@db7a2271 with 81078 rows.
[2023-01-02 14:11:17] (3s) Starting to evaluate predicate Variables#51c25ee5::BindingPattern::getAVariable#0#dispred#ff/2@9adfffhk
[2023-01-02 14:11:17] (3s)  >>> Created relation Variables#51c25ee5::BindingPattern::getAVariable#0#dispred#ff/2@9adfffhk with 393391 rows.
[2023-01-02 14:11:18] (3s)  >>> Created relation scopes/2@7781a3f0 with 29457 rows.
[2023-01-02 14:11:18] (3s) Starting to evaluate predicate scopes_10#join_rhs/2@251149kb
[2023-01-02 14:11:18] (3s)  >>> Created relation scopes_10#join_rhs/2@251149kb with 29457 rows.
[2023-01-02 14:11:18] (3s)  >>> Created relation variables/3@fabdb5uc with 106359 rows.
[2023-01-02 14:11:18] (3s) Starting to evaluate predicate variables_20#join_rhs/2@c01c30ag
[2023-01-02 14:11:18] (3s)  >>> Created relation variables_20#join_rhs/2@c01c30ag with 106359 rows.
[2023-01-02 14:11:18] (3s)  >>> Created relation is_arguments_object/1@cd566e3m with 25107 rows.
[2023-01-02 14:11:18] (3s) Starting to evaluate predicate Variables#51c25ee5::GlobalVariable#f/1@24f7e0up
[2023-01-02 14:11:18] (3s)  >>> Created relation Variables#51c25ee5::GlobalVariable#f/1@24f7e0up with 974 rows.
[2023-01-02 14:11:18] (3s) Starting to evaluate predicate Variables#51c25ee5::Variable::getADeclarationStatement#0#dispred#bf/2@517ecdaf
[2023-01-02 14:11:18] (3s)  >>> Created relation Variables#51c25ee5::Variable::getADeclarationStatement#0#dispred#bf/2@517ecdaf with 225 rows.
[2023-01-02 14:11:18] (3s) Starting to evaluate predicate Variables#51c25ee5::Variable::getADeclarationStatement#0#dispred#bf_10#join_rhs/2@c00c7asv
[2023-01-02 14:11:18] (3s)  >>> Created relation Variables#51c25ee5::Variable::getADeclarationStatement#0#dispred#bf_10#join_rhs/2@c00c7asv with 225 rows.
[2023-01-02 14:11:18] (3s) Starting to evaluate predicate template5#39806569::get_global_variable_declare_container#2#fff/3@a88043j3
[2023-01-02 14:11:18] (3s)  >>> Created relation template5#39806569::get_global_variable_declare_container#2#fff/3@a88043j3 with 45 rows.
[2023-01-02 14:11:18] (3s) Starting to evaluate predicate template5#39806569::get_global_variable_declare_container#2#fff_102#join_rhs/3@ecc768d1
[2023-01-02 14:11:18] (3s)  >>> Created relation template5#39806569::get_global_variable_declare_container#2#fff_102#join_rhs/3@ecc768d1 with 45 rows.
[2023-01-02 14:11:18] (3s) Starting to evaluate predicate StmtContainers#f9b78d9f::getStmtContainer#1#ff_10#join_rhs/2@4b75c4i4
[2023-01-02 14:11:18] (3s)  >>> Created relation StmtContainers#f9b78d9f::getStmtContainer#1#ff_10#join_rhs/2@4b75c4i4 with 1705358 rows.
[2023-01-02 14:11:18] (3s) Starting to evaluate predicate Variables#51c25ee5::VarAccess::getVariable#0#dispred#ff_10#join_rhs/2@bba95ftk
[2023-01-02 14:11:18] (3s)  >>> Created relation Variables#51c25ee5::VarAccess::getVariable#0#dispred#ff_10#join_rhs/2@bba95ftk with 311275 rows.
[2023-01-02 14:11:18] (3s) Starting to evaluate predicate template5#39806569::get_global_variable_access_container#2#fff/3@e04132v5
[2023-01-02 14:11:18] (3s)  >>> Created relation template5#39806569::get_global_variable_access_container#2#fff/3@e04132v5 with 8163 rows.
[2023-01-02 14:11:18] (3s) Starting to evaluate predicate template5#39806569::get_global_variable_access_container#2#fff_120#join_rhs/3@dbe86970
[2023-01-02 14:11:18] (3s)  >>> Created relation template5#39806569::get_global_variable_access_container#2#fff_120#join_rhs/3@dbe86970 with 8163 rows.
[2023-01-02 14:11:18] (3s) Starting to evaluate predicate template5#39806569::judge_transfer#6#ffffff/6@22b082su
[2023-01-02 14:11:18] (3s)  >>> Created relation template5#39806569::judge_transfer#6#ffffff/6@22b082su with 1 rows.
[2023-01-02 14:11:18] (3s) Starting to evaluate predicate template5#39806569::judge_transfer#6#ffffff#nonempty/0@b3d09aij
[2023-01-02 14:11:18] (3s)  >>> Created relation template5#39806569::judge_transfer#6#ffffff#nonempty/0@b3d09aij with 1 rows.
[2023-01-02 14:11:18] (3s) Starting to evaluate predicate template5#39806569::get_global_variable_access_container#2#fff_102#join_rhs/3@e98ba8rq
[2023-01-02 14:11:18] (3s)  >>> Created relation template5#39806569::get_global_variable_access_container#2#fff_102#join_rhs/3@e98ba8rq with 8163 rows.
[2023-01-02 14:11:18] (3s) Starting to evaluate predicate exprs_13024#join_rhs/5@75f4a2rt
[2023-01-02 14:11:19] (4s)  >>> Created relation exprs_13024#join_rhs/5@75f4a2rt with 1384699 rows.
[2023-01-02 14:11:19] (4s) Starting to evaluate predicate AST#4fc16b88::AstNode::getChild#1#dispred#fff/3@64c506gm
[2023-01-02 14:11:19] (4s)  >>> Created relation AST#4fc16b88::AstNode::getChild#1#dispred#fff/3@64c506gm with 1514177 rows.
[2023-01-02 14:11:19] (4s) Starting to evaluate predicate template5#39806569::get_global_function_container#2#fff/3@2154f2hi
[2023-01-02 14:11:19] (4s)  >>> Created relation template5#39806569::get_global_function_container#2#fff/3@2154f2hi with 5395 rows.
[2023-01-02 14:11:19] (4s) Starting to evaluate predicate template5#39806569::get_global_function_container#2#fff_120#join_rhs/3@2459e6a3
[2023-01-02 14:11:19] (4s)  >>> Created relation template5#39806569::get_global_function_container#2#fff_120#join_rhs/3@2459e6a3 with 5395 rows.
[2023-01-02 14:11:19] (4s) Starting to evaluate predicate template5#39806569::judge_sendTx#6#ffffff/6@5faa5edr
[2023-01-02 14:11:19] (4s)  >>> Created relation template5#39806569::judge_sendTx#6#ffffff/6@5faa5edr with 1 rows.
[2023-01-02 14:11:19] (4s) Starting to evaluate predicate template5#39806569::judge_sendTx#6#ffffff#nonempty/0@c76422dv
[2023-01-02 14:11:19] (4s)  >>> Created relation template5#39806569::judge_sendTx#6#ffffff#nonempty/0@c76422dv with 1 rows.
[2023-01-02 14:11:19] (4s) Starting to evaluate predicate stmts_1#join_rhs/1@3ad2betn
[2023-01-02 14:11:19] (4s)  >>> Created relation stmts_1#join_rhs/1@3ad2betn with 23 rows.
[2023-01-02 14:11:19] (4s) Starting to evaluate predicate project##select#cpe#nullary##nullary/0@173730l8
[2023-01-02 14:11:19] (4s)  >>> Created relation project##select#cpe#nullary##nullary/0@173730l8 with 1 rows.
[2023-01-02 14:11:19] (4s) Starting to evaluate predicate #select#cpe#nullary#/0@a619505g
[2023-01-02 14:11:19] (4s)  >>> Created relation #select#cpe#nullary#/0@a619505g with 1 rows.
[2023-01-02 14:11:19] (4s) Starting to evaluate predicate template5#39806569::get_global_variable_declare_container#2#fff_120#join_rhs/3@40891fsj
[2023-01-02 14:11:19] (4s)  >>> Created relation template5#39806569::get_global_variable_declare_container#2#fff_120#join_rhs/3@40891fsj with 45 rows.
[2023-01-02 14:11:19] (4s) Starting to evaluate predicate template5#39806569::judge_writeTrx#5#fffff/5@fbf04fht
[2023-01-02 14:11:19] (4s)  >>> Created relation template5#39806569::judge_writeTrx#5#fffff/5@fbf04fht with 1 rows.
[2023-01-02 14:11:19] (4s) Starting to evaluate predicate project#template5#39806569::judge_writeTrx#5#fffff/1@927a14b6
[2023-01-02 14:11:19] (4s)  >>> Created relation project#template5#39806569::judge_writeTrx#5#fffff/1@927a14b6 with 1 rows.
[2023-01-02 14:11:19] (4s) Starting to evaluate predicate #select#cpe#1#f/1@f11a0eui
[2023-01-02 14:11:19] (4s)  >>> Created relation #select#cpe#1#f/1@f11a0eui with 3 rows.
[2023-01-02 14:11:19] (4s)  >>> Created relation guard_node/3@41dd8363 with 90989 rows.
[2023-01-02 14:11:19] (4s)  >>> Created relation jsdoc_type_exprs/5@cacd52pr with 23204 rows.
[2023-01-02 14:11:19] (4s)  >>> Created relation jsdoc_tags/5@2390a30d with 18183 rows.
[2023-01-02 14:11:19] (4s)  >>> Created relation toplevels/2@14954abb with 118 rows.
[2023-01-02 14:11:19] (4s)  >>> Created relation typeexprs/5@f3a8eevg with 0 rows.
[2023-01-02 14:11:19] (4s) Inferred that typeexprs_0#antijoin_rhs/1@1f8af8lb is empty, due to typeexprs/5@f3a8eevg.
[2023-01-02 14:11:19] (4s) Inferred that typeexprs_10#join_rhs/2@aa306aso is empty, due to typeexprs/5@f3a8eevg.
[2023-01-02 14:11:19] (4s)  >>> Created relation typeexprs_0#antijoin_rhs/1@1f8af8lb with 0 rows.
[2023-01-02 14:11:19] (4s)  >>> Created relation typeexprs_10#join_rhs/2@aa306aso with 0 rows.
[2023-01-02 14:11:19] (4s)  >>> Created relation locations_default/6@8c8d0fsu with 2925821 rows.
[2023-01-02 14:11:19] (5s)  >>> Created relation tokeninfo/5@29a3f7c6 with 2039910 rows.
[2023-01-02 14:11:19] (5s)  >>> Created relation jsdoc/3@0eb1965q with 9269 rows.
[2023-01-02 14:11:19] (5s) Starting to evaluate predicate Classes#724eccfc::ClassOrInterface#f/1@0c418c7b
[2023-01-02 14:11:19] (5s)  >>> Created relation Classes#724eccfc::ClassOrInterface#f/1@0c418c7b with 40 rows.
[2023-01-02 14:11:19] (5s)  >>> Created relation entry_cfg_node/2@66d6a5ig with 26311 rows.
[2023-01-02 14:11:19] (5s)  >>> Created relation exit_cfg_node/2@d598b8cb with 26311 rows.
[2023-01-02 14:11:19] (5s) Starting to evaluate predicate _StmtContainers#f9b78d9f::getStmtContainer#1#ff_entry_cfg_node#join_rhs/2@8f7fa91s
[2023-01-02 14:11:19] (5s)  >>> Created relation _StmtContainers#f9b78d9f::getStmtContainer#1#ff_entry_cfg_node#join_rhs/2@8f7fa91s with 26311 rows.
[2023-01-02 14:11:19] (5s) Starting to evaluate predicate _StmtContainers#f9b78d9f::getStmtContainer#1#ff_exit_cfg_node#join_rhs/2@15e83477
[2023-01-02 14:11:19] (5s)  >>> Created relation _StmtContainers#f9b78d9f::getStmtContainer#1#ff_exit_cfg_node#join_rhs/2@15e83477 with 26311 rows.
[2023-01-02 14:11:19] (5s) Starting to evaluate predicate guard_node_10#join_rhs/2@c4f2a3ei
[2023-01-02 14:11:19] (5s)  >>> Created relation guard_node_10#join_rhs/2@c4f2a3ei with 90989 rows.
[2023-01-02 14:11:19] (5s) Starting to evaluate predicate CFG#61b50065::ConditionGuardNode::getOutcome#0#dispred#ff/2@920f374n
[2023-01-02 14:11:19] (5s)  >>> Created relation CFG#61b50065::ConditionGuardNode::getOutcome#0#dispred#ff/2@920f374n with 90989 rows.
[2023-01-02 14:11:19] (5s)  >>> Created relation xmlElements/5@55a2f4ta with 292 rows.
[2023-01-02 14:11:19] (5s)  >>> Created relation xmlAttrs/6@4cc7b2vk with 434 rows.
[2023-01-02 14:11:19] (5s) Starting to evaluate predicate properties_30124#join_rhs/5@e4091f2n
[2023-01-02 14:11:20] (5s)  >>> Created relation properties_30124#join_rhs/5@e4091f2n with 24366 rows.
[2023-01-02 14:11:20] (5s) Starting to evaluate predicate properties_10234#join_rhs/5@e8fe4ae8
[2023-01-02 14:11:20] (5s)  >>> Created relation properties_10234#join_rhs/5@e8fe4ae8 with 24366 rows.
[2023-01-02 14:11:20] (5s)  >>> Created relation xmlChars/6@94409ci2 with 0 rows.
[2023-01-02 14:11:20] (5s)  >>> Created relation xml_element_parent_expression/3@19c984l8 with 0 rows.
[2023-01-02 14:11:20] (5s)  >>> Created relation filetype/2@c549c1sa with 119 rows.
[2023-01-02 14:11:20] (5s) Starting to evaluate predicate filetype_10#join_rhs/2@f9fd88eq
[2023-01-02 14:11:20] (5s)  >>> Created relation filetype_10#join_rhs/2@f9fd88eq with 119 rows.
[2023-01-02 14:11:20] (5s) Starting to evaluate predicate Files#c96bb86e::FileType#b/1@4b2cebmv
[2023-01-02 14:11:20] (5s)  >>> Created relation Files#c96bb86e::FileType#b/1@4b2cebmv with 1 rows.
[2023-01-02 14:11:20] (5s)  >>> Created relation xmlComments/4@fbbaafrn with 2 rows.
[2023-01-02 14:11:20] (5s)  >>> Created relation template_placeholder_tag_info/3@1a0075li with 0 rows.
[2023-01-02 14:11:20] (5s)  >>> Created relation regexp_parse_errors/3@3bf334o4 with 11 rows.
[2023-01-02 14:11:20] (5s)  >>> Created relation js_parse_errors/4@2bb8e71m with 0 rows.
[2023-01-02 14:11:20] (5s)  >>> Created relation regexpterm/5@409a5b7b with 51823 rows.
[2023-01-02 14:11:20] (5s)  >>> Created relation comments/5@b8e82d9v with 13166 rows.
[2023-01-02 14:11:20] (5s)  >>> Created relation yaml/6@e28f3aa6 with 0 rows.
[2023-01-02 14:11:20] (5s)  >>> Created relation json/5@9be841pq with 0 rows.
[2023-01-02 14:11:20] (5s)  >>> Created relation lines/4@e66dd36s with 0 rows.
[2023-01-02 14:11:20] (5s)  >>> Created relation yaml_errors/2@38ab2agv with 0 rows.
[2023-01-02 14:11:20] (5s)  >>> Created relation json_errors/2@75d677v2 with 0 rows.
[2023-01-02 14:11:20] (5s)  >>> Created relation files/2@bfcf0c84 with 119 rows.
[2023-01-02 14:11:20] (5s)  >>> Created relation hasLocation/2@b3afe5l6 with 3837957 rows.
[2023-01-02 14:11:20] (5s) Starting to evaluate predicate m#AST#4fc16b88::AstNode::getLocation#0#dispred#bf/1@7afca1mi
[2023-01-02 14:11:20] (5s)  >>> Created relation m#AST#4fc16b88::AstNode::getLocation#0#dispred#bf/1@7afca1mi with 3 rows.
[2023-01-02 14:11:20] (5s) Starting to evaluate predicate AST#4fc16b88::AstNode::getLocation#0#dispred#bf/2@45d30eid
[2023-01-02 14:11:20] (5s)  >>> Created relation AST#4fc16b88::AstNode::getLocation#0#dispred#bf/2@45d30eid with 3 rows.
[2023-01-02 14:11:20] (5s) Starting to evaluate predicate HTML#4c2014bc::HTML::FileContainingHtml#f/1@4214a9ns
[2023-01-02 14:11:20] (5s)  >>> Created relation HTML#4c2014bc::HTML::FileContainingHtml#f/1@4214a9ns with 1 rows.
[2023-01-02 14:11:20] (5s) Starting to evaluate predicate Locations#c853d51f::Locatable::toString#0#dispred#ff/2@i1#06bb38ot (iteration 1)
[2023-01-02 14:11:21] (6s) 			 - Locations#c853d51f::Locatable::toString#0#dispred#ff_delta has 3786063 rows (order for disjuncts: delta=<standard>).
[2023-01-02 14:11:21] (6s) Starting to evaluate predicate Locations#c853d51f::Locatable::toString#0#dispred#ff/2@i2#06bb38ot (iteration 2)
[2023-01-02 14:11:21] (6s) 			 - Locations#c853d51f::Locatable::toString#0#dispred#ff_delta has 52622 rows (order for disjuncts: delta=<standard>).
[2023-01-02 14:11:21] (6s) Starting to evaluate predicate Locations#c853d51f::Locatable::toString#0#dispred#ff/2@i3#06bb38ot (iteration 3)
[2023-01-02 14:11:21] (6s) Empty delta for Locations#c853d51f::Locatable::toString#0#dispred#ff_delta (order for disjuncts: delta=<standard>).
[2023-01-02 14:11:21] (6s) Accumulating deltas
[2023-01-02 14:11:21] (6s)  >>> Created relation Locations#c853d51f::Locatable::toString#0#dispred#ff/2@06bb38ot with 3838685 rows.
[2023-01-02 14:11:21] (6s) Starting to evaluate predicate project#Locations#c853d51f::Locatable::toString#0#dispred#ff/1@fa6401u6
[2023-01-02 14:11:21] (6s)  >>> Created relation project#Locations#c853d51f::Locatable::toString#0#dispred#ff/1@fa6401u6 with 3838685 rows.
[2023-01-02 14:11:21] (6s) Starting to evaluate predicate Locations#c853d51f::Location::hasLocationInfo#5#dispred#bfffff/6@99c7104b
[2023-01-02 14:11:21] (6s)  >>> Created relation Locations#c853d51f::Location::hasLocationInfo#5#dispred#bfffff/6@99c7104b with 3 rows.
[2023-01-02 14:11:21] (6s) Starting to evaluate predicate _#select#cpe#1#f_#select#cpe#nullary#_AST#4fc16b88::AstNode::getLocation#0#dispred#bf#shared/3@d98dcfho
[2023-01-02 14:11:21] (6s)  >>> Created relation _#select#cpe#1#f_#select#cpe#nullary#_AST#4fc16b88::AstNode::getLocation#0#dispred#bf#shared/3@d98dcfho with 3 rows.
[2023-01-02 14:11:21] (6s) Starting to evaluate predicate _Locations#c853d51f::Location::hasLocationInfo#5#dispred#bfffff__#select#cpe#1#f_#select#cpe#nullary__#antijoin_rhs/2@f1a33fq2
[2023-01-02 14:11:21] (6s)  >>> Created relation _Locations#c853d51f::Location::hasLocationInfo#5#dispred#bfffff__#select#cpe#1#f_#select#cpe#nullary__#antijoin_rhs/2@f1a33fq2 with 3 rows.
[2023-01-02 14:11:21] (6s) Starting to evaluate predicate #select#query#ffffffff/8@7ed96fag
[2023-01-02 14:11:21] (6s)  >>> Created relation #select#query#ffffffff/8@7ed96fag with 3 rows.
[2023-01-02 14:11:21] (6s) Query done
[2023-01-02 14:11:21] (6s) Sequence stamp origin is -6369952441633306777
[2023-01-02 14:11:21] (6s) Pausing evaluation to sync to disk at sequence stamp o+0
[2023-01-02 14:11:21] (6s) Unpausing evaluation
[2023-01-02 14:11:21] Evaluation of /home/bowen/exercise/codeql_exercise/vscode-codeql-starter/codeql-custom-queries-javascript/template5.ql produced BQRS results.
[2023-01-02 14:11:21] [PROGRESS] execute queries> [1/1 eval 7s] Evaluation done; writing results to getting-started/codeql-extra-queries-javascript/template5.bqrs.
[2023-01-02 14:11:21] [PROGRESS] execute queries> Shutting down query evaluator.
[2023-01-02 14:11:21] Pausing evaluation to close the cache at sequence stamp o+1
[2023-01-02 14:11:21] The disk cache is freshly trimmed; leave it be.
[2023-01-02 14:11:21] Unpausing evaluation
[2023-01-02 14:11:21] Terminating normally.
